<?xml version="1.0" encoding="UTF-8"?>
<testsuite xmlns:xsi="http://www.w3.org/2001/XMLSchema-instance" xsi:noNamespaceSchemaLocation="https://maven.apache.org/surefire/maven-surefire-plugin/xsd/surefire-test-report-3.0.xsd" version="3.0" name="com.emoney.finance.emx.SimConfigAllTest" time="0.692" tests="1" errors="0" skipped="0" failures="0">
  <properties>
    <property name="java.specification.version" value="17"/>
    <property name="sun.cpu.isalist" value="amd64"/>
    <property name="sun.jnu.encoding" value="Cp1252"/>
    <property name="java.class.path" value="C:\@@@RepoJava\fredemoney5a\target\test-classes;C:\@@@RepoJava\fredemoney5a\target\classes;C:\Users\fjabbari\.m2\repository\junit\junit\4.8\junit-4.8.jar;C:\Users\fjabbari\.m2\repository\com\googlecode\json-simple\json-simple\1.1\json-simple-1.1.jar;C:\Users\fjabbari\.m2\repository\javax\javaee-api\7.0\javaee-api-7.0.jar;C:\Users\fjabbari\.m2\repository\com\sun\mail\javax.mail\1.5.0\javax.mail-1.5.0.jar;C:\Users\fjabbari\.m2\repository\javax\activation\activation\1.1\activation-1.1.jar;C:\Users\fjabbari\.m2\repository\com\google\code\gson\gson\2.10.1\gson-2.10.1.jar;"/>
    <property name="java.vm.vendor" value="Oracle Corporation"/>
    <property name="sun.arch.data.model" value="64"/>
    <property name="user.variant" value=""/>
    <property name="java.vendor.url" value="https://java.oracle.com/"/>
    <property name="user.timezone" value="America/New_York"/>
    <property name="os.name" value="Windows 10"/>
    <property name="java.vm.specification.version" value="17"/>
    <property name="sun.java.launcher" value="SUN_STANDARD"/>
    <property name="user.country" value="US"/>
    <property name="sun.boot.library.path" value="C:\Program Files\Java\jdk-17\bin"/>
    <property name="sun.java.command" value="C:\Windows\Temp\surefire3497993529295097888\surefirebooter494606084694618713.jar C:\Windows\Temp\surefire3497993529295097888 2023-03-06T13-36-45_861-jvmRun1 surefire2946157606494859374tmp surefire_017919933861834439371tmp"/>
    <property name="jdk.debug" value="release"/>
    <property name="surefire.test.class.path" value="C:\@@@RepoJava\fredemoney5a\target\test-classes;C:\@@@RepoJava\fredemoney5a\target\classes;C:\Users\fjabbari\.m2\repository\junit\junit\4.8\junit-4.8.jar;C:\Users\fjabbari\.m2\repository\com\googlecode\json-simple\json-simple\1.1\json-simple-1.1.jar;C:\Users\fjabbari\.m2\repository\javax\javaee-api\7.0\javaee-api-7.0.jar;C:\Users\fjabbari\.m2\repository\com\sun\mail\javax.mail\1.5.0\javax.mail-1.5.0.jar;C:\Users\fjabbari\.m2\repository\javax\activation\activation\1.1\activation-1.1.jar;C:\Users\fjabbari\.m2\repository\com\google\code\gson\gson\2.10.1\gson-2.10.1.jar;"/>
    <property name="sun.cpu.endian" value="little"/>
    <property name="user.home" value="C:\Users\fjabbari"/>
    <property name="user.language" value="en"/>
    <property name="java.specification.vendor" value="Oracle Corporation"/>
    <property name="java.version.date" value="2023-01-17"/>
    <property name="java.home" value="C:\Program Files\Java\jdk-17"/>
    <property name="file.separator" value="\"/>
    <property name="basedir" value="C:\@@@RepoJava\fredemoney5a"/>
    <property name="java.vm.compressedOopsMode" value="Zero based"/>
    <property name="line.separator" value="&#10;"/>
    <property name="java.vm.specification.vendor" value="Oracle Corporation"/>
    <property name="java.specification.name" value="Java Platform API Specification"/>
    <property name="surefire.real.class.path" value="C:\Windows\Temp\surefire3497993529295097888\surefirebooter494606084694618713.jar"/>
    <property name="user.script" value=""/>
    <property name="sun.management.compiler" value="HotSpot 64-Bit Tiered Compilers"/>
    <property name="java.runtime.version" value="17.0.6+9-LTS-190"/>
    <property name="user.name" value="fjabbari"/>
    <property name="path.separator" value=";"/>
    <property name="os.version" value="10.0"/>
    <property name="java.runtime.name" value="Java(TM) SE Runtime Environment"/>
    <property name="file.encoding" value="Cp1252"/>
    <property name="java.vm.name" value="Java HotSpot(TM) 64-Bit Server VM"/>
    <property name="localRepository" value="C:\Users\fjabbari\.m2\repository"/>
    <property name="java.vendor.url.bug" value="https://bugreport.java.com/bugreport/"/>
    <property name="java.io.tmpdir" value="C:\Windows\TEMP\"/>
    <property name="java.version" value="17.0.6"/>
    <property name="user.dir" value="C:\@@@RepoJava\fredemoney5a"/>
    <property name="os.arch" value="amd64"/>
    <property name="java.vm.specification.name" value="Java Virtual Machine Specification"/>
    <property name="sun.os.patch.level" value=""/>
    <property name="native.encoding" value="Cp1252"/>
    <property name="java.library.path" value="C:\Program Files\Java\jdk-17\bin;C:\Windows\Sun\Java\bin;C:\Windows\system32;C:\Windows;C;apache-maven-3.8.7bin;C:\Users\fjabbari\bin;C:\Program Files\Git\mingw64\bin;C:\Program Files\Git\usr\local\bin;C:\Program Files\Git\usr\bin;C:\Program Files\Git\usr\bin;C:\Program Files\Git\mingw64\bin;C:\Program Files\Git\usr\bin;C:\Users\fjabbari\bin;C:\Program Files\Common Files\Oracle\Java\javapath;C:\@@@Graphviz\Graphviz-6.0.2-win32\Graphviz\bin;C:\Python310\Scripts;C:\Python310;C:\Windows\system32;C:\Windows;C:\Windows\System32\Wbem;C:\Windows\System32\WindowsPowerShell\v1.0;C:\Windows\System32\OpenSSH;C:\Program Files\dotnet;C:\Program Files\Microsoft SQL Server\Client SDK\ODBC\170\Tools\Binn;C:\Program Files (x86)\Microsoft SQL Server\150\Tools\Binn;C:\Program Files\Microsoft SQL Server\150\Tools\Binn;C:\Program Files\Microsoft SQL Server\150\DTS\Binn;C:\Program Files\PowerShell\7;C:\Program Files (x86)\Microsoft SQL Server\150\DTS\Binn;C:\Program Files\Azure Data Studio\bin;C:\Program Files\Git\cmd;C:\ProgramData\chocolatey\bin;C:\Program Files (x86)\Yarn\bin;C:\Program Files\Java\jdk-19\bin;C:\@@@PLANTUMLJAR;C:\Program Files\Graphviz\bin;C:\CMD;C:\Program Files\Amazon\AWSCLIV2;C:\Users\fjabbari\AppData\Roaming\npm;C:\Program Files\nodejs;C:\Program Files\Docker\Docker\resources\bin;C:\Python310\bin;C:\Program Files;C:\Program Files\7-Zip;C:\apache-maven-3.8.7\bin;C:\Program Files\Microsoft Visual Studio\2022\Professional\Common7\IDE;C:\Gradle\gradle-7.6\bin;C:\Program Files\PostgreSQL\15\bin;C:\Program Files\Java\jdk-16\bin;C:\Users\fjabbari\AppData\Local\Programs\Microsoft VS Code\bin;C:\Users\fjabbari\AppData\Local\Programs\oh-my-posh\bin;C:\Users\fjabbari\AppData\Roaming\npm;C:\Users\fjabbari\.dotnet\tools;C:\Program Files\Git\usr\bin\vendor_perl;C:\Program Files\Git\usr\bin\core_perl;."/>
    <property name="java.vm.info" value="mixed mode, sharing"/>
    <property name="java.vendor" value="Oracle Corporation"/>
    <property name="java.vm.version" value="17.0.6+9-LTS-190"/>
    <property name="sun.io.unicode.encoding" value="UnicodeLittle"/>
    <property name="java.class.version" value="61.0"/>
  </properties>
  <testcase name="test" classname="com.emoney.finance.emx.SimConfigAllTest" time="0.691">
    <system-out><![CDATA[pds.getName(): class
pds.getName(): field1
pds.getName(): field2
pds.getName(): field3
pds.getName(): simConfig
pds.getName(): simConfig1
pds.getName(): simConfig10
pds.getName(): simConfig2
pds.getName(): simConfig3
pds.getName(): simConfig4
pds.getName(): simConfig5
pds.getName(): simConfig6
pds.getName(): simConfig7
pds.getName(): simConfig8
pds.getName(): simConfig9
pds.getName(): state
pds.getName(): systemConfig
pds.getName(): class
pds.getName(): field1
pds.getName(): field2
pds.getName(): field3
pds.getName(): simConfig
pds.getName(): simConfig1
pds.getName(): simConfig10
pds.getName(): simConfig2
pds.getName(): simConfig3
pds.getName(): simConfig4
pds.getName(): simConfig5
pds.getName(): simConfig6
pds.getName(): simConfig7
pds.getName(): simConfig8
pds.getName(): simConfig9
pds.getName(): state
pds.getName(): systemConfig
pds.getName(): class
pds.getName(): field1
pds.getName(): field2
pds.getName(): field3
pds.getName(): simConfig
pds.getName(): simConfig1
pds.getName(): simConfig10
pds.getName(): simConfig2
pds.getName(): simConfig3
pds.getName(): simConfig4
pds.getName(): simConfig5
pds.getName(): simConfig6
pds.getName(): simConfig7
pds.getName(): simConfig8
pds.getName(): simConfig9
pds.getName(): state
pds.getName(): systemConfig
pds.getName(): class
pds.getName(): field1
pds.getName(): field2
pds.getName(): field3
pds.getName(): simConfig
pds.getName(): simConfig1
pds.getName(): simConfig10
pds.getName(): simConfig2
pds.getName(): simConfig3
pds.getName(): simConfig4
pds.getName(): simConfig5
pds.getName(): simConfig6
pds.getName(): simConfig7
pds.getName(): simConfig8
pds.getName(): simConfig9
pds.getName(): state
pds.getName(): systemConfig
pds.getName(): class
pds.getName(): field1
pds.getName(): field2
pds.getName(): field3
pds.getName(): simConfig
pds.getName(): simConfig1
pds.getName(): simConfig10
pds.getName(): simConfig2
pds.getName(): simConfig3
pds.getName(): simConfig4
pds.getName(): simConfig5
pds.getName(): simConfig6
pds.getName(): simConfig7
pds.getName(): simConfig8
pds.getName(): simConfig9
pds.getName(): state
pds.getName(): systemConfig
pds.getName(): class
pds.getName(): field1
pds.getName(): field2
pds.getName(): field3
pds.getName(): simConfig
pds.getName(): simConfig1
pds.getName(): simConfig10
pds.getName(): simConfig2
pds.getName(): simConfig3
pds.getName(): simConfig4
pds.getName(): simConfig5
pds.getName(): simConfig6
pds.getName(): simConfig7
pds.getName(): simConfig8
pds.getName(): simConfig9
pds.getName(): state
pds.getName(): systemConfig
pds.getName(): class
pds.getName(): field1
pds.getName(): field2
pds.getName(): field3
pds.getName(): simConfig
pds.getName(): simConfig1
pds.getName(): simConfig10
pds.getName(): simConfig2
pds.getName(): simConfig3
pds.getName(): simConfig4
pds.getName(): simConfig5
pds.getName(): simConfig6
pds.getName(): simConfig7
pds.getName(): simConfig8
pds.getName(): simConfig9
pds.getName(): state
pds.getName(): systemConfig
pds.getName(): class
pds.getName(): field1
pds.getName(): field2
pds.getName(): field3
pds.getName(): simConfig
pds.getName(): simConfig1
pds.getName(): simConfig10
pds.getName(): simConfig2
pds.getName(): simConfig3
pds.getName(): simConfig4
pds.getName(): simConfig5
pds.getName(): simConfig6
pds.getName(): simConfig7
pds.getName(): simConfig8
pds.getName(): simConfig9
pds.getName(): state
pds.getName(): systemConfig
pds.getName(): class
pds.getName(): field1
pds.getName(): field2
pds.getName(): field3
pds.getName(): simConfig
pds.getName(): simConfig1
pds.getName(): simConfig10
pds.getName(): simConfig2
pds.getName(): simConfig3
pds.getName(): simConfig4
pds.getName(): simConfig5
pds.getName(): simConfig6
pds.getName(): simConfig7
pds.getName(): simConfig8
pds.getName(): simConfig9
pds.getName(): state
pds.getName(): systemConfig
pds.getName(): class
pds.getName(): field1
pds.getName(): field2
pds.getName(): field3
pds.getName(): simConfig
pds.getName(): simConfig1
pds.getName(): simConfig10
pds.getName(): simConfig2
pds.getName(): simConfig3
pds.getName(): simConfig4
pds.getName(): simConfig5
pds.getName(): simConfig6
pds.getName(): simConfig7
pds.getName(): simConfig8
pds.getName(): simConfig9
pds.getName(): state
pds.getName(): systemConfig
pds.getName(): class
pds.getName(): field1
pds.getName(): field2
pds.getName(): field3
pds.getName(): simConfig
pds.getName(): simConfig1
pds.getName(): simConfig10
pds.getName(): simConfig2
pds.getName(): simConfig3
pds.getName(): simConfig4
pds.getName(): simConfig5
pds.getName(): simConfig6
pds.getName(): simConfig7
pds.getName(): simConfig8
pds.getName(): simConfig9
pds.getName(): state
pds.getName(): systemConfig
pds.getName(): class
pds.getName(): field1
pds.getName(): field2
pds.getName(): field3
pds.getName(): simConfig
pds.getName(): simConfig1
pds.getName(): simConfig10
pds.getName(): simConfig2
pds.getName(): simConfig3
pds.getName(): simConfig4
pds.getName(): simConfig5
pds.getName(): simConfig6
pds.getName(): simConfig7
pds.getName(): simConfig8
pds.getName(): simConfig9
pds.getName(): state
pds.getName(): systemConfig
pds.getName(): class
pds.getName(): field1
pds.getName(): field2
pds.getName(): field3
pds.getName(): simConfig
pds.getName(): simConfig1
pds.getName(): simConfig10
pds.getName(): simConfig2
pds.getName(): simConfig3
pds.getName(): simConfig4
pds.getName(): simConfig5
pds.getName(): simConfig6
pds.getName(): simConfig7
pds.getName(): simConfig8
pds.getName(): simConfig9
pds.getName(): state
pds.getName(): systemConfig
pds.getName(): class
pds.getName(): field1
pds.getName(): field2
pds.getName(): field3
pds.getName(): simConfig
pds.getName(): simConfig1
pds.getName(): simConfig10
pds.getName(): simConfig2
pds.getName(): simConfig3
pds.getName(): simConfig4
pds.getName(): simConfig5
pds.getName(): simConfig6
pds.getName(): simConfig7
pds.getName(): simConfig8
pds.getName(): simConfig9
pds.getName(): state
pds.getName(): systemConfig
pds.getName(): class
pds.getName(): field1
pds.getName(): field2
pds.getName(): field3
pds.getName(): simConfig
pds.getName(): simConfig1
pds.getName(): simConfig10
pds.getName(): simConfig2
pds.getName(): simConfig3
pds.getName(): simConfig4
pds.getName(): simConfig5
pds.getName(): simConfig6
pds.getName(): simConfig7
pds.getName(): simConfig8
pds.getName(): simConfig9
pds.getName(): state
pds.getName(): systemConfig
pds.getName(): class
pds.getName(): field1
pds.getName(): field2
pds.getName(): field3
pds.getName(): simConfig
pds.getName(): simConfig1
pds.getName(): simConfig10
pds.getName(): simConfig2
pds.getName(): simConfig3
pds.getName(): simConfig4
pds.getName(): simConfig5
pds.getName(): simConfig6
pds.getName(): simConfig7
pds.getName(): simConfig8
pds.getName(): simConfig9
pds.getName(): state
pds.getName(): systemConfig
pds.getName(): class
pds.getName(): field1
pds.getName(): field2
pds.getName(): field3
pds.getName(): simConfig
pds.getName(): simConfig1
pds.getName(): simConfig10
pds.getName(): simConfig2
pds.getName(): simConfig3
pds.getName(): simConfig4
pds.getName(): simConfig5
pds.getName(): simConfig6
pds.getName(): simConfig7
pds.getName(): simConfig8
pds.getName(): simConfig9
pds.getName(): state
pds.getName(): systemConfig
pds.getName(): class
pds.getName(): field1
pds.getName(): field2
pds.getName(): field3
pds.getName(): simConfig
pds.getName(): simConfig1
pds.getName(): simConfig10
pds.getName(): simConfig2
pds.getName(): simConfig3
pds.getName(): simConfig4
pds.getName(): simConfig5
pds.getName(): simConfig6
pds.getName(): simConfig7
pds.getName(): simConfig8
pds.getName(): simConfig9
pds.getName(): state
pds.getName(): systemConfig
pds.getName(): class
pds.getName(): field1
pds.getName(): field2
pds.getName(): field3
pds.getName(): simConfig
pds.getName(): simConfig1
pds.getName(): simConfig10
pds.getName(): simConfig2
pds.getName(): simConfig3
pds.getName(): simConfig4
pds.getName(): simConfig5
pds.getName(): simConfig6
pds.getName(): simConfig7
pds.getName(): simConfig8
pds.getName(): simConfig9
pds.getName(): state
pds.getName(): systemConfig
pds.getName(): class
pds.getName(): field1
pds.getName(): field2
pds.getName(): field3
pds.getName(): simConfig
pds.getName(): simConfig1
pds.getName(): simConfig10
pds.getName(): simConfig2
pds.getName(): simConfig3
pds.getName(): simConfig4
pds.getName(): simConfig5
pds.getName(): simConfig6
pds.getName(): simConfig7
pds.getName(): simConfig8
pds.getName(): simConfig9
pds.getName(): state
pds.getName(): systemConfig
pds.getName(): class
pds.getName(): field1
pds.getName(): field2
pds.getName(): field3
pds.getName(): simConfig
pds.getName(): simConfig1
pds.getName(): simConfig10
pds.getName(): simConfig2
pds.getName(): simConfig3
pds.getName(): simConfig4
pds.getName(): simConfig5
pds.getName(): simConfig6
pds.getName(): simConfig7
pds.getName(): simConfig8
pds.getName(): simConfig9
pds.getName(): state
pds.getName(): systemConfig
pds.getName(): class
pds.getName(): field1
pds.getName(): field2
pds.getName(): field3
pds.getName(): simConfig
pds.getName(): simConfig1
pds.getName(): simConfig10
pds.getName(): simConfig2
pds.getName(): simConfig3
pds.getName(): simConfig4
pds.getName(): simConfig5
pds.getName(): simConfig6
pds.getName(): simConfig7
pds.getName(): simConfig8
pds.getName(): simConfig9
pds.getName(): state
pds.getName(): systemConfig
pds.getName(): class
pds.getName(): field1
pds.getName(): field2
pds.getName(): field3
pds.getName(): simConfig
pds.getName(): simConfig1
pds.getName(): simConfig10
pds.getName(): simConfig2
pds.getName(): simConfig3
pds.getName(): simConfig4
pds.getName(): simConfig5
pds.getName(): simConfig6
pds.getName(): simConfig7
pds.getName(): simConfig8
pds.getName(): simConfig9
pds.getName(): state
pds.getName(): systemConfig
pds.getName(): class
pds.getName(): field1
pds.getName(): field2
pds.getName(): field3
pds.getName(): simConfig
pds.getName(): simConfig1
pds.getName(): simConfig10
pds.getName(): simConfig2
pds.getName(): simConfig3
pds.getName(): simConfig4
pds.getName(): simConfig5
pds.getName(): simConfig6
pds.getName(): simConfig7
pds.getName(): simConfig8
pds.getName(): simConfig9
pds.getName(): state
pds.getName(): systemConfig
pds.getName(): class
pds.getName(): field1
pds.getName(): field2
pds.getName(): field3
pds.getName(): simConfig
pds.getName(): simConfig1
pds.getName(): simConfig10
pds.getName(): simConfig2
pds.getName(): simConfig3
pds.getName(): simConfig4
pds.getName(): simConfig5
pds.getName(): simConfig6
pds.getName(): simConfig7
pds.getName(): simConfig8
pds.getName(): simConfig9
pds.getName(): state
pds.getName(): systemConfig
pds.getName(): class
pds.getName(): field1
pds.getName(): field2
pds.getName(): field3
pds.getName(): simConfig
pds.getName(): simConfig1
pds.getName(): simConfig10
pds.getName(): simConfig2
pds.getName(): simConfig3
pds.getName(): simConfig4
pds.getName(): simConfig5
pds.getName(): simConfig6
pds.getName(): simConfig7
pds.getName(): simConfig8
pds.getName(): simConfig9
pds.getName(): state
pds.getName(): systemConfig
pds.getName(): class
pds.getName(): field1
pds.getName(): field2
pds.getName(): field3
pds.getName(): simConfig
pds.getName(): simConfig1
pds.getName(): simConfig10
pds.getName(): simConfig2
pds.getName(): simConfig3
pds.getName(): simConfig4
pds.getName(): simConfig5
pds.getName(): simConfig6
pds.getName(): simConfig7
pds.getName(): simConfig8
pds.getName(): simConfig9
pds.getName(): state
pds.getName(): systemConfig
pds.getName(): class
pds.getName(): field1
pds.getName(): field2
pds.getName(): field3
pds.getName(): simConfig
pds.getName(): simConfig1
pds.getName(): simConfig10
pds.getName(): simConfig2
pds.getName(): simConfig3
pds.getName(): simConfig4
pds.getName(): simConfig5
pds.getName(): simConfig6
pds.getName(): simConfig7
pds.getName(): simConfig8
pds.getName(): simConfig9
pds.getName(): state
pds.getName(): systemConfig
pds.getName(): class
pds.getName(): field1
pds.getName(): field2
pds.getName(): field3
pds.getName(): simConfig
pds.getName(): simConfig1
pds.getName(): simConfig10
pds.getName(): simConfig2
pds.getName(): simConfig3
pds.getName(): simConfig4
pds.getName(): simConfig5
pds.getName(): simConfig6
pds.getName(): simConfig7
pds.getName(): simConfig8
pds.getName(): simConfig9
pds.getName(): state
pds.getName(): systemConfig
pds.getName(): class
pds.getName(): field1
pds.getName(): field2
pds.getName(): field3
pds.getName(): simConfig
pds.getName(): simConfig1
pds.getName(): simConfig10
pds.getName(): simConfig2
pds.getName(): simConfig3
pds.getName(): simConfig4
pds.getName(): simConfig5
pds.getName(): simConfig6
pds.getName(): simConfig7
pds.getName(): simConfig8
pds.getName(): simConfig9
pds.getName(): state
pds.getName(): systemConfig
pds.getName(): class
pds.getName(): field1
pds.getName(): field2
pds.getName(): field3
pds.getName(): simConfig
pds.getName(): simConfig1
pds.getName(): simConfig10
pds.getName(): simConfig2
pds.getName(): simConfig3
pds.getName(): simConfig4
pds.getName(): simConfig5
pds.getName(): simConfig6
pds.getName(): simConfig7
pds.getName(): simConfig8
pds.getName(): simConfig9
pds.getName(): state
pds.getName(): systemConfig
pds.getName(): class
pds.getName(): field1
pds.getName(): field2
pds.getName(): field3
pds.getName(): simConfig
pds.getName(): simConfig1
pds.getName(): simConfig10
pds.getName(): simConfig2
pds.getName(): simConfig3
pds.getName(): simConfig4
pds.getName(): simConfig5
pds.getName(): simConfig6
pds.getName(): simConfig7
pds.getName(): simConfig8
pds.getName(): simConfig9
pds.getName(): state
pds.getName(): systemConfig
pds.getName(): class
pds.getName(): field1
pds.getName(): field2
pds.getName(): field3
pds.getName(): simConfig
pds.getName(): simConfig1
pds.getName(): simConfig10
pds.getName(): simConfig2
pds.getName(): simConfig3
pds.getName(): simConfig4
pds.getName(): simConfig5
pds.getName(): simConfig6
pds.getName(): simConfig7
pds.getName(): simConfig8
pds.getName(): simConfig9
pds.getName(): state
pds.getName(): systemConfig
pds.getName(): class
pds.getName(): field1
pds.getName(): field2
pds.getName(): field3
pds.getName(): simConfig
pds.getName(): simConfig1
pds.getName(): simConfig10
pds.getName(): simConfig2
pds.getName(): simConfig3
pds.getName(): simConfig4
pds.getName(): simConfig5
pds.getName(): simConfig6
pds.getName(): simConfig7
pds.getName(): simConfig8
pds.getName(): simConfig9
pds.getName(): state
pds.getName(): systemConfig
pds.getName(): class
pds.getName(): field1
pds.getName(): field2
pds.getName(): field3
pds.getName(): simConfig
pds.getName(): simConfig1
pds.getName(): simConfig10
pds.getName(): simConfig2
pds.getName(): simConfig3
pds.getName(): simConfig4
pds.getName(): simConfig5
pds.getName(): simConfig6
pds.getName(): simConfig7
pds.getName(): simConfig8
pds.getName(): simConfig9
pds.getName(): state
pds.getName(): systemConfig
pds.getName(): class
pds.getName(): field1
pds.getName(): field2
pds.getName(): field3
pds.getName(): simConfig
pds.getName(): simConfig1
pds.getName(): simConfig10
pds.getName(): simConfig2
pds.getName(): simConfig3
pds.getName(): simConfig4
pds.getName(): simConfig5
pds.getName(): simConfig6
pds.getName(): simConfig7
pds.getName(): simConfig8
pds.getName(): simConfig9
pds.getName(): state
pds.getName(): systemConfig
pds.getName(): class
pds.getName(): field1
pds.getName(): field2
pds.getName(): field3
pds.getName(): simConfig
pds.getName(): simConfig1
pds.getName(): simConfig10
pds.getName(): simConfig2
pds.getName(): simConfig3
pds.getName(): simConfig4
pds.getName(): simConfig5
pds.getName(): simConfig6
pds.getName(): simConfig7
pds.getName(): simConfig8
pds.getName(): simConfig9
pds.getName(): state
pds.getName(): systemConfig
pds.getName(): class
pds.getName(): field1
pds.getName(): field2
pds.getName(): field3
pds.getName(): simConfig
pds.getName(): simConfig1
pds.getName(): simConfig10
pds.getName(): simConfig2
pds.getName(): simConfig3
pds.getName(): simConfig4
pds.getName(): simConfig5
pds.getName(): simConfig6
pds.getName(): simConfig7
pds.getName(): simConfig8
pds.getName(): simConfig9
pds.getName(): state
pds.getName(): systemConfig
pds.getName(): class
pds.getName(): field1
pds.getName(): field2
pds.getName(): field3
pds.getName(): simConfig
pds.getName(): simConfig1
pds.getName(): simConfig10
pds.getName(): simConfig2
pds.getName(): simConfig3
pds.getName(): simConfig4
pds.getName(): simConfig5
pds.getName(): simConfig6
pds.getName(): simConfig7
pds.getName(): simConfig8
pds.getName(): simConfig9
pds.getName(): state
pds.getName(): systemConfig
pds.getName(): class
pds.getName(): field1
supercalss is: class java.lang.Object
pds.getName(): field2
supercalss is: class java.lang.Object
pds.getName(): field3
supercalss is: class java.lang.Object
pds.getName(): simConfig
supercalss is: class com.emoney.finance.emx.Config
pds.getName(): class
pds.getName(): field1
pds.getName(): field2
pds.getName(): field3
pds.getName(): state
pds.getName(): systemConfig
pds.getName(): class
pds.getName(): field1
pds.getName(): field2
pds.getName(): field3
pds.getName(): state
pds.getName(): systemConfig
pds.getName(): class
pds.getName(): field1
pds.getName(): field2
pds.getName(): field3
pds.getName(): state
pds.getName(): systemConfig
pds.getName(): class
pds.getName(): field1
pds.getName(): field2
pds.getName(): field3
pds.getName(): state
pds.getName(): systemConfig
pds.getName(): class
pds.getName(): field1
pds.getName(): field2
pds.getName(): field3
pds.getName(): state
pds.getName(): systemConfig
pds.getName(): class
pds.getName(): field1
pds.getName(): field2
pds.getName(): field3
pds.getName(): state
pds.getName(): systemConfig
pds.getName(): class
pds.getName(): field1
pds.getName(): field2
pds.getName(): field3
pds.getName(): state
pds.getName(): systemConfig
pds.getName(): class
pds.getName(): field1
pds.getName(): field2
pds.getName(): field3
pds.getName(): state
pds.getName(): systemConfig
pds.getName(): class
pds.getName(): field1
pds.getName(): field2
pds.getName(): field3
pds.getName(): state
pds.getName(): systemConfig
pds.getName(): class
pds.getName(): field1
pds.getName(): field2
pds.getName(): field3
pds.getName(): state
pds.getName(): systemConfig
pds.getName(): class
pds.getName(): field1
pds.getName(): field2
pds.getName(): field3
pds.getName(): state
pds.getName(): systemConfig
pds.getName(): class
pds.getName(): field1
pds.getName(): field2
pds.getName(): field3
pds.getName(): state
pds.getName(): systemConfig
pds.getName(): class
pds.getName(): field1
pds.getName(): field2
pds.getName(): field3
pds.getName(): state
pds.getName(): systemConfig
pds.getName(): class
pds.getName(): field1
pds.getName(): field2
pds.getName(): field3
pds.getName(): state
pds.getName(): systemConfig
pds.getName(): class
pds.getName(): field1
pds.getName(): field2
pds.getName(): field3
pds.getName(): state
pds.getName(): systemConfig
pds.getName(): class
pds.getName(): field1
pds.getName(): field2
pds.getName(): field3
pds.getName(): state
pds.getName(): systemConfig
pds.getName(): class
pds.getName(): field1
pds.getName(): field2
pds.getName(): field3
pds.getName(): state
pds.getName(): systemConfig
pds.getName(): class
pds.getName(): field1
pds.getName(): field2
pds.getName(): field3
pds.getName(): state
pds.getName(): systemConfig
pds.getName(): class
pds.getName(): field1
pds.getName(): field2
pds.getName(): field3
pds.getName(): state
pds.getName(): systemConfig
pds.getName(): class
pds.getName(): field1
pds.getName(): field2
pds.getName(): field3
pds.getName(): state
pds.getName(): systemConfig
pds.getName(): class
pds.getName(): field1
pds.getName(): field2
pds.getName(): field3
pds.getName(): state
pds.getName(): systemConfig
pds.getName(): class
pds.getName(): field1
pds.getName(): field2
pds.getName(): field3
pds.getName(): state
pds.getName(): systemConfig
pds.getName(): class
pds.getName(): field1
pds.getName(): field2
pds.getName(): field3
pds.getName(): state
pds.getName(): systemConfig
pds.getName(): class
pds.getName(): field1
pds.getName(): field2
pds.getName(): field3
pds.getName(): state
pds.getName(): systemConfig
pds.getName(): class
pds.getName(): field1
pds.getName(): field2
pds.getName(): field3
pds.getName(): state
pds.getName(): systemConfig
pds.getName(): class
pds.getName(): field1
pds.getName(): field2
pds.getName(): field3
pds.getName(): state
pds.getName(): systemConfig
pds.getName(): class
pds.getName(): field1
pds.getName(): field2
pds.getName(): field3
pds.getName(): state
pds.getName(): systemConfig
pds.getName(): class
pds.getName(): field1
pds.getName(): field2
pds.getName(): field3
pds.getName(): state
pds.getName(): systemConfig
pds.getName(): class
pds.getName(): field1
pds.getName(): field2
pds.getName(): field3
pds.getName(): state
pds.getName(): systemConfig
pds.getName(): class
pds.getName(): field1
pds.getName(): field2
pds.getName(): field3
pds.getName(): state
pds.getName(): systemConfig
pds.getName(): class
pds.getName(): field1
pds.getName(): field2
pds.getName(): field3
pds.getName(): state
pds.getName(): systemConfig
pds.getName(): class
pds.getName(): field1
pds.getName(): field2
pds.getName(): field3
pds.getName(): state
pds.getName(): systemConfig
pds.getName(): class
pds.getName(): field1
pds.getName(): field2
pds.getName(): field3
pds.getName(): state
pds.getName(): systemConfig
pds.getName(): class
pds.getName(): field1
pds.getName(): field2
pds.getName(): field3
pds.getName(): state
pds.getName(): systemConfig
pds.getName(): class
pds.getName(): field1
pds.getName(): field2
pds.getName(): field3
pds.getName(): state
pds.getName(): systemConfig
pds.getName(): class
pds.getName(): field1
pds.getName(): field2
pds.getName(): field3
pds.getName(): state
pds.getName(): systemConfig
pds.getName(): class
pds.getName(): field1
pds.getName(): field2
pds.getName(): field3
pds.getName(): state
pds.getName(): systemConfig
pds.getName(): class
pds.getName(): field1
pds.getName(): field2
pds.getName(): field3
pds.getName(): state
pds.getName(): systemConfig
pds.getName(): class
pds.getName(): field1
pds.getName(): field2
pds.getName(): field3
pds.getName(): state
pds.getName(): systemConfig
pds.getName(): class
pds.getName(): field1
supercalss is: class java.lang.Object
pds.getName(): field2
supercalss is: class java.lang.Object
pds.getName(): field3
supercalss is: class java.lang.Object
pds.getName(): state
supercalss is: null
pds.getName(): systemConfig
supercalss is: class com.emoney.finance.emx.Config
pds.getName(): class
pds.getName(): field1
pds.getName(): field2
pds.getName(): field3
pds.getName(): state
pds.getName(): class
pds.getName(): field1
pds.getName(): field2
pds.getName(): field3
pds.getName(): state
pds.getName(): class
pds.getName(): field1
pds.getName(): field2
pds.getName(): field3
pds.getName(): state
pds.getName(): class
pds.getName(): field1
pds.getName(): field2
pds.getName(): field3
pds.getName(): state
pds.getName(): class
pds.getName(): field1
pds.getName(): field2
pds.getName(): field3
pds.getName(): state
pds.getName(): class
pds.getName(): field1
pds.getName(): field2
pds.getName(): field3
pds.getName(): state
pds.getName(): class
pds.getName(): field1
pds.getName(): field2
pds.getName(): field3
pds.getName(): state
pds.getName(): class
pds.getName(): field1
pds.getName(): field2
pds.getName(): field3
pds.getName(): state
pds.getName(): class
pds.getName(): field1
pds.getName(): field2
pds.getName(): field3
pds.getName(): state
pds.getName(): class
pds.getName(): field1
pds.getName(): field2
pds.getName(): field3
pds.getName(): state
pds.getName(): class
pds.getName(): field1
pds.getName(): field2
pds.getName(): field3
pds.getName(): state
pds.getName(): class
pds.getName(): field1
pds.getName(): field2
pds.getName(): field3
pds.getName(): state
pds.getName(): class
pds.getName(): field1
pds.getName(): field2
pds.getName(): field3
pds.getName(): state
pds.getName(): class
pds.getName(): field1
pds.getName(): field2
pds.getName(): field3
pds.getName(): state
pds.getName(): class
pds.getName(): field1
pds.getName(): field2
pds.getName(): field3
pds.getName(): state
pds.getName(): class
pds.getName(): field1
pds.getName(): field2
pds.getName(): field3
pds.getName(): state
pds.getName(): class
pds.getName(): field1
pds.getName(): field2
pds.getName(): field3
pds.getName(): state
pds.getName(): class
pds.getName(): field1
pds.getName(): field2
pds.getName(): field3
pds.getName(): state
pds.getName(): class
pds.getName(): field1
pds.getName(): field2
pds.getName(): field3
pds.getName(): state
pds.getName(): class
pds.getName(): field1
pds.getName(): field2
pds.getName(): field3
pds.getName(): state
pds.getName(): class
pds.getName(): field1
pds.getName(): field2
pds.getName(): field3
pds.getName(): state
pds.getName(): class
pds.getName(): field1
pds.getName(): field2
pds.getName(): field3
pds.getName(): state
pds.getName(): class
pds.getName(): field1
pds.getName(): field2
pds.getName(): field3
pds.getName(): state
pds.getName(): class
pds.getName(): field1
pds.getName(): field2
pds.getName(): field3
pds.getName(): state
pds.getName(): class
pds.getName(): field1
pds.getName(): field2
pds.getName(): field3
pds.getName(): state
pds.getName(): class
pds.getName(): field1
pds.getName(): field2
pds.getName(): field3
pds.getName(): state
pds.getName(): class
pds.getName(): field1
pds.getName(): field2
pds.getName(): field3
pds.getName(): state
pds.getName(): class
pds.getName(): field1
pds.getName(): field2
pds.getName(): field3
pds.getName(): state
pds.getName(): class
pds.getName(): field1
pds.getName(): field2
pds.getName(): field3
pds.getName(): state
pds.getName(): class
pds.getName(): field1
pds.getName(): field2
pds.getName(): field3
pds.getName(): state
pds.getName(): class
pds.getName(): field1
pds.getName(): field2
pds.getName(): field3
pds.getName(): state
pds.getName(): class
pds.getName(): field1
pds.getName(): field2
pds.getName(): field3
pds.getName(): state
pds.getName(): class
pds.getName(): field1
pds.getName(): field2
pds.getName(): field3
pds.getName(): state
pds.getName(): class
pds.getName(): field1
pds.getName(): field2
pds.getName(): field3
pds.getName(): state
pds.getName(): class
pds.getName(): field1
pds.getName(): field2
pds.getName(): field3
pds.getName(): state
pds.getName(): class
pds.getName(): field1
pds.getName(): field2
pds.getName(): field3
pds.getName(): state
pds.getName(): class
pds.getName(): field1
pds.getName(): field2
pds.getName(): field3
pds.getName(): state
pds.getName(): class
pds.getName(): field1
pds.getName(): field2
pds.getName(): field3
pds.getName(): state
pds.getName(): class
pds.getName(): field1
pds.getName(): field2
pds.getName(): field3
pds.getName(): state
pds.getName(): class
pds.getName(): field1
supercalss is: class java.lang.Object
pds.getName(): field2
supercalss is: class java.lang.Object
pds.getName(): field3
supercalss is: class java.lang.Object
pds.getName(): state
supercalss is: null
pds.getName(): simConfig1
supercalss is: class com.emoney.finance.emx.Config
pds.getName(): class
pds.getName(): field1
pds.getName(): field2
pds.getName(): field3
pds.getName(): state
pds.getName(): systemConfig
pds.getName(): class
pds.getName(): field1
pds.getName(): field2
pds.getName(): field3
pds.getName(): state
pds.getName(): systemConfig
pds.getName(): class
pds.getName(): field1
pds.getName(): field2
pds.getName(): field3
pds.getName(): state
pds.getName(): systemConfig
pds.getName(): class
pds.getName(): field1
pds.getName(): field2
pds.getName(): field3
pds.getName(): state
pds.getName(): systemConfig
pds.getName(): class
pds.getName(): field1
pds.getName(): field2
pds.getName(): field3
pds.getName(): state
pds.getName(): systemConfig
pds.getName(): class
pds.getName(): field1
pds.getName(): field2
pds.getName(): field3
pds.getName(): state
pds.getName(): systemConfig
pds.getName(): class
pds.getName(): field1
pds.getName(): field2
pds.getName(): field3
pds.getName(): state
pds.getName(): systemConfig
pds.getName(): class
pds.getName(): field1
pds.getName(): field2
pds.getName(): field3
pds.getName(): state
pds.getName(): systemConfig
pds.getName(): class
pds.getName(): field1
pds.getName(): field2
pds.getName(): field3
pds.getName(): state
pds.getName(): systemConfig
pds.getName(): class
pds.getName(): field1
pds.getName(): field2
pds.getName(): field3
pds.getName(): state
pds.getName(): systemConfig
pds.getName(): class
pds.getName(): field1
pds.getName(): field2
pds.getName(): field3
pds.getName(): state
pds.getName(): systemConfig
pds.getName(): class
pds.getName(): field1
pds.getName(): field2
pds.getName(): field3
pds.getName(): state
pds.getName(): systemConfig
pds.getName(): class
pds.getName(): field1
pds.getName(): field2
pds.getName(): field3
pds.getName(): state
pds.getName(): systemConfig
pds.getName(): class
pds.getName(): field1
pds.getName(): field2
pds.getName(): field3
pds.getName(): state
pds.getName(): systemConfig
pds.getName(): class
pds.getName(): field1
pds.getName(): field2
pds.getName(): field3
pds.getName(): state
pds.getName(): systemConfig
pds.getName(): class
pds.getName(): field1
pds.getName(): field2
pds.getName(): field3
pds.getName(): state
pds.getName(): systemConfig
pds.getName(): class
pds.getName(): field1
pds.getName(): field2
pds.getName(): field3
pds.getName(): state
pds.getName(): systemConfig
pds.getName(): class
pds.getName(): field1
pds.getName(): field2
pds.getName(): field3
pds.getName(): state
pds.getName(): systemConfig
pds.getName(): class
pds.getName(): field1
pds.getName(): field2
pds.getName(): field3
pds.getName(): state
pds.getName(): systemConfig
pds.getName(): class
pds.getName(): field1
pds.getName(): field2
pds.getName(): field3
pds.getName(): state
pds.getName(): systemConfig
pds.getName(): class
pds.getName(): field1
pds.getName(): field2
pds.getName(): field3
pds.getName(): state
pds.getName(): systemConfig
pds.getName(): class
pds.getName(): field1
pds.getName(): field2
pds.getName(): field3
pds.getName(): state
pds.getName(): systemConfig
pds.getName(): class
pds.getName(): field1
pds.getName(): field2
pds.getName(): field3
pds.getName(): state
pds.getName(): systemConfig
pds.getName(): class
pds.getName(): field1
pds.getName(): field2
pds.getName(): field3
pds.getName(): state
pds.getName(): systemConfig
pds.getName(): class
pds.getName(): field1
pds.getName(): field2
pds.getName(): field3
pds.getName(): state
pds.getName(): systemConfig
pds.getName(): class
pds.getName(): field1
pds.getName(): field2
pds.getName(): field3
pds.getName(): state
pds.getName(): systemConfig
pds.getName(): class
pds.getName(): field1
pds.getName(): field2
pds.getName(): field3
pds.getName(): state
pds.getName(): systemConfig
pds.getName(): class
pds.getName(): field1
pds.getName(): field2
pds.getName(): field3
pds.getName(): state
pds.getName(): systemConfig
pds.getName(): class
pds.getName(): field1
pds.getName(): field2
pds.getName(): field3
pds.getName(): state
pds.getName(): systemConfig
pds.getName(): class
pds.getName(): field1
pds.getName(): field2
pds.getName(): field3
pds.getName(): state
pds.getName(): systemConfig
pds.getName(): class
pds.getName(): field1
pds.getName(): field2
pds.getName(): field3
pds.getName(): state
pds.getName(): systemConfig
pds.getName(): class
pds.getName(): field1
pds.getName(): field2
pds.getName(): field3
pds.getName(): state
pds.getName(): systemConfig
pds.getName(): class
pds.getName(): field1
pds.getName(): field2
pds.getName(): field3
pds.getName(): state
pds.getName(): systemConfig
pds.getName(): class
pds.getName(): field1
pds.getName(): field2
pds.getName(): field3
pds.getName(): state
pds.getName(): systemConfig
pds.getName(): class
pds.getName(): field1
pds.getName(): field2
pds.getName(): field3
pds.getName(): state
pds.getName(): systemConfig
pds.getName(): class
pds.getName(): field1
pds.getName(): field2
pds.getName(): field3
pds.getName(): state
pds.getName(): systemConfig
pds.getName(): class
pds.getName(): field1
pds.getName(): field2
pds.getName(): field3
pds.getName(): state
pds.getName(): systemConfig
pds.getName(): class
pds.getName(): field1
pds.getName(): field2
pds.getName(): field3
pds.getName(): state
pds.getName(): systemConfig
pds.getName(): class
pds.getName(): field1
pds.getName(): field2
pds.getName(): field3
pds.getName(): state
pds.getName(): systemConfig
pds.getName(): class
pds.getName(): field1
supercalss is: class java.lang.Object
pds.getName(): field2
supercalss is: class java.lang.Object
pds.getName(): field3
supercalss is: class java.lang.Object
pds.getName(): state
supercalss is: null
pds.getName(): systemConfig
supercalss is: class com.emoney.finance.emx.Config
pds.getName(): class
pds.getName(): field1
pds.getName(): field2
pds.getName(): field3
pds.getName(): state
pds.getName(): class
pds.getName(): field1
pds.getName(): field2
pds.getName(): field3
pds.getName(): state
pds.getName(): class
pds.getName(): field1
pds.getName(): field2
pds.getName(): field3
pds.getName(): state
pds.getName(): class
pds.getName(): field1
pds.getName(): field2
pds.getName(): field3
pds.getName(): state
pds.getName(): class
pds.getName(): field1
pds.getName(): field2
pds.getName(): field3
pds.getName(): state
pds.getName(): class
pds.getName(): field1
pds.getName(): field2
pds.getName(): field3
pds.getName(): state
pds.getName(): class
pds.getName(): field1
pds.getName(): field2
pds.getName(): field3
pds.getName(): state
pds.getName(): class
pds.getName(): field1
pds.getName(): field2
pds.getName(): field3
pds.getName(): state
pds.getName(): class
pds.getName(): field1
pds.getName(): field2
pds.getName(): field3
pds.getName(): state
pds.getName(): class
pds.getName(): field1
pds.getName(): field2
pds.getName(): field3
pds.getName(): state
pds.getName(): class
pds.getName(): field1
pds.getName(): field2
pds.getName(): field3
pds.getName(): state
pds.getName(): class
pds.getName(): field1
pds.getName(): field2
pds.getName(): field3
pds.getName(): state
pds.getName(): class
pds.getName(): field1
pds.getName(): field2
pds.getName(): field3
pds.getName(): state
pds.getName(): class
pds.getName(): field1
pds.getName(): field2
pds.getName(): field3
pds.getName(): state
pds.getName(): class
pds.getName(): field1
pds.getName(): field2
pds.getName(): field3
pds.getName(): state
pds.getName(): class
pds.getName(): field1
pds.getName(): field2
pds.getName(): field3
pds.getName(): state
pds.getName(): class
pds.getName(): field1
pds.getName(): field2
pds.getName(): field3
pds.getName(): state
pds.getName(): class
pds.getName(): field1
pds.getName(): field2
pds.getName(): field3
pds.getName(): state
pds.getName(): class
pds.getName(): field1
pds.getName(): field2
pds.getName(): field3
pds.getName(): state
pds.getName(): class
pds.getName(): field1
pds.getName(): field2
pds.getName(): field3
pds.getName(): state
pds.getName(): class
pds.getName(): field1
pds.getName(): field2
pds.getName(): field3
pds.getName(): state
pds.getName(): class
pds.getName(): field1
pds.getName(): field2
pds.getName(): field3
pds.getName(): state
pds.getName(): class
pds.getName(): field1
pds.getName(): field2
pds.getName(): field3
pds.getName(): state
pds.getName(): class
pds.getName(): field1
pds.getName(): field2
pds.getName(): field3
pds.getName(): state
pds.getName(): class
pds.getName(): field1
pds.getName(): field2
pds.getName(): field3
pds.getName(): state
pds.getName(): class
pds.getName(): field1
pds.getName(): field2
pds.getName(): field3
pds.getName(): state
pds.getName(): class
pds.getName(): field1
pds.getName(): field2
pds.getName(): field3
pds.getName(): state
pds.getName(): class
pds.getName(): field1
pds.getName(): field2
pds.getName(): field3
pds.getName(): state
pds.getName(): class
pds.getName(): field1
pds.getName(): field2
pds.getName(): field3
pds.getName(): state
pds.getName(): class
pds.getName(): field1
pds.getName(): field2
pds.getName(): field3
pds.getName(): state
pds.getName(): class
pds.getName(): field1
pds.getName(): field2
pds.getName(): field3
pds.getName(): state
pds.getName(): class
pds.getName(): field1
pds.getName(): field2
pds.getName(): field3
pds.getName(): state
pds.getName(): class
pds.getName(): field1
pds.getName(): field2
pds.getName(): field3
pds.getName(): state
pds.getName(): class
pds.getName(): field1
pds.getName(): field2
pds.getName(): field3
pds.getName(): state
pds.getName(): class
pds.getName(): field1
pds.getName(): field2
pds.getName(): field3
pds.getName(): state
pds.getName(): class
pds.getName(): field1
pds.getName(): field2
pds.getName(): field3
pds.getName(): state
pds.getName(): class
pds.getName(): field1
pds.getName(): field2
pds.getName(): field3
pds.getName(): state
pds.getName(): class
pds.getName(): field1
pds.getName(): field2
pds.getName(): field3
pds.getName(): state
pds.getName(): class
pds.getName(): field1
pds.getName(): field2
pds.getName(): field3
pds.getName(): state
pds.getName(): class
pds.getName(): field1
supercalss is: class java.lang.Object
pds.getName(): field2
supercalss is: class java.lang.Object
pds.getName(): field3
supercalss is: class java.lang.Object
pds.getName(): state
supercalss is: null
pds.getName(): simConfig10
supercalss is: class com.emoney.finance.emx.Config
pds.getName(): class
pds.getName(): field1
pds.getName(): field2
pds.getName(): field3
pds.getName(): state
pds.getName(): systemConfig
pds.getName(): class
pds.getName(): field1
pds.getName(): field2
pds.getName(): field3
pds.getName(): state
pds.getName(): systemConfig
pds.getName(): class
pds.getName(): field1
pds.getName(): field2
pds.getName(): field3
pds.getName(): state
pds.getName(): systemConfig
pds.getName(): class
pds.getName(): field1
pds.getName(): field2
pds.getName(): field3
pds.getName(): state
pds.getName(): systemConfig
pds.getName(): class
pds.getName(): field1
pds.getName(): field2
pds.getName(): field3
pds.getName(): state
pds.getName(): systemConfig
pds.getName(): class
pds.getName(): field1
pds.getName(): field2
pds.getName(): field3
pds.getName(): state
pds.getName(): systemConfig
pds.getName(): class
pds.getName(): field1
pds.getName(): field2
pds.getName(): field3
pds.getName(): state
pds.getName(): systemConfig
pds.getName(): class
pds.getName(): field1
pds.getName(): field2
pds.getName(): field3
pds.getName(): state
pds.getName(): systemConfig
pds.getName(): class
pds.getName(): field1
pds.getName(): field2
pds.getName(): field3
pds.getName(): state
pds.getName(): systemConfig
pds.getName(): class
pds.getName(): field1
pds.getName(): field2
pds.getName(): field3
pds.getName(): state
pds.getName(): systemConfig
pds.getName(): class
pds.getName(): field1
pds.getName(): field2
pds.getName(): field3
pds.getName(): state
pds.getName(): systemConfig
pds.getName(): class
pds.getName(): field1
pds.getName(): field2
pds.getName(): field3
pds.getName(): state
pds.getName(): systemConfig
pds.getName(): class
pds.getName(): field1
pds.getName(): field2
pds.getName(): field3
pds.getName(): state
pds.getName(): systemConfig
pds.getName(): class
pds.getName(): field1
pds.getName(): field2
pds.getName(): field3
pds.getName(): state
pds.getName(): systemConfig
pds.getName(): class
pds.getName(): field1
pds.getName(): field2
pds.getName(): field3
pds.getName(): state
pds.getName(): systemConfig
pds.getName(): class
pds.getName(): field1
pds.getName(): field2
pds.getName(): field3
pds.getName(): state
pds.getName(): systemConfig
pds.getName(): class
pds.getName(): field1
pds.getName(): field2
pds.getName(): field3
pds.getName(): state
pds.getName(): systemConfig
pds.getName(): class
pds.getName(): field1
pds.getName(): field2
pds.getName(): field3
pds.getName(): state
pds.getName(): systemConfig
pds.getName(): class
pds.getName(): field1
pds.getName(): field2
pds.getName(): field3
pds.getName(): state
pds.getName(): systemConfig
pds.getName(): class
pds.getName(): field1
pds.getName(): field2
pds.getName(): field3
pds.getName(): state
pds.getName(): systemConfig
pds.getName(): class
pds.getName(): field1
pds.getName(): field2
pds.getName(): field3
pds.getName(): state
pds.getName(): systemConfig
pds.getName(): class
pds.getName(): field1
pds.getName(): field2
pds.getName(): field3
pds.getName(): state
pds.getName(): systemConfig
pds.getName(): class
pds.getName(): field1
pds.getName(): field2
pds.getName(): field3
pds.getName(): state
pds.getName(): systemConfig
pds.getName(): class
pds.getName(): field1
pds.getName(): field2
pds.getName(): field3
pds.getName(): state
pds.getName(): systemConfig
pds.getName(): class
pds.getName(): field1
pds.getName(): field2
pds.getName(): field3
pds.getName(): state
pds.getName(): systemConfig
pds.getName(): class
pds.getName(): field1
pds.getName(): field2
pds.getName(): field3
pds.getName(): state
pds.getName(): systemConfig
pds.getName(): class
pds.getName(): field1
pds.getName(): field2
pds.getName(): field3
pds.getName(): state
pds.getName(): systemConfig
pds.getName(): class
pds.getName(): field1
pds.getName(): field2
pds.getName(): field3
pds.getName(): state
pds.getName(): systemConfig
pds.getName(): class
pds.getName(): field1
pds.getName(): field2
pds.getName(): field3
pds.getName(): state
pds.getName(): systemConfig
pds.getName(): class
pds.getName(): field1
pds.getName(): field2
pds.getName(): field3
pds.getName(): state
pds.getName(): systemConfig
pds.getName(): class
pds.getName(): field1
pds.getName(): field2
pds.getName(): field3
pds.getName(): state
pds.getName(): systemConfig
pds.getName(): class
pds.getName(): field1
pds.getName(): field2
pds.getName(): field3
pds.getName(): state
pds.getName(): systemConfig
pds.getName(): class
pds.getName(): field1
pds.getName(): field2
pds.getName(): field3
pds.getName(): state
pds.getName(): systemConfig
pds.getName(): class
pds.getName(): field1
pds.getName(): field2
pds.getName(): field3
pds.getName(): state
pds.getName(): systemConfig
pds.getName(): class
pds.getName(): field1
pds.getName(): field2
pds.getName(): field3
pds.getName(): state
pds.getName(): systemConfig
pds.getName(): class
pds.getName(): field1
pds.getName(): field2
pds.getName(): field3
pds.getName(): state
pds.getName(): systemConfig
pds.getName(): class
pds.getName(): field1
pds.getName(): field2
pds.getName(): field3
pds.getName(): state
pds.getName(): systemConfig
pds.getName(): class
pds.getName(): field1
pds.getName(): field2
pds.getName(): field3
pds.getName(): state
pds.getName(): systemConfig
pds.getName(): class
pds.getName(): field1
pds.getName(): field2
pds.getName(): field3
pds.getName(): state
pds.getName(): systemConfig
pds.getName(): class
pds.getName(): field1
supercalss is: class java.lang.Object
pds.getName(): field2
supercalss is: class java.lang.Object
pds.getName(): field3
supercalss is: class java.lang.Object
pds.getName(): state
supercalss is: null
pds.getName(): systemConfig
supercalss is: class com.emoney.finance.emx.Config
pds.getName(): class
pds.getName(): field1
pds.getName(): field2
pds.getName(): field3
pds.getName(): state
pds.getName(): class
pds.getName(): field1
pds.getName(): field2
pds.getName(): field3
pds.getName(): state
pds.getName(): class
pds.getName(): field1
pds.getName(): field2
pds.getName(): field3
pds.getName(): state
pds.getName(): class
pds.getName(): field1
pds.getName(): field2
pds.getName(): field3
pds.getName(): state
pds.getName(): class
pds.getName(): field1
pds.getName(): field2
pds.getName(): field3
pds.getName(): state
pds.getName(): class
pds.getName(): field1
pds.getName(): field2
pds.getName(): field3
pds.getName(): state
pds.getName(): class
pds.getName(): field1
pds.getName(): field2
pds.getName(): field3
pds.getName(): state
pds.getName(): class
pds.getName(): field1
pds.getName(): field2
pds.getName(): field3
pds.getName(): state
pds.getName(): class
pds.getName(): field1
pds.getName(): field2
pds.getName(): field3
pds.getName(): state
pds.getName(): class
pds.getName(): field1
pds.getName(): field2
pds.getName(): field3
pds.getName(): state
pds.getName(): class
pds.getName(): field1
pds.getName(): field2
pds.getName(): field3
pds.getName(): state
pds.getName(): class
pds.getName(): field1
pds.getName(): field2
pds.getName(): field3
pds.getName(): state
pds.getName(): class
pds.getName(): field1
pds.getName(): field2
pds.getName(): field3
pds.getName(): state
pds.getName(): class
pds.getName(): field1
pds.getName(): field2
pds.getName(): field3
pds.getName(): state
pds.getName(): class
pds.getName(): field1
pds.getName(): field2
pds.getName(): field3
pds.getName(): state
pds.getName(): class
pds.getName(): field1
pds.getName(): field2
pds.getName(): field3
pds.getName(): state
pds.getName(): class
pds.getName(): field1
pds.getName(): field2
pds.getName(): field3
pds.getName(): state
pds.getName(): class
pds.getName(): field1
pds.getName(): field2
pds.getName(): field3
pds.getName(): state
pds.getName(): class
pds.getName(): field1
pds.getName(): field2
pds.getName(): field3
pds.getName(): state
pds.getName(): class
pds.getName(): field1
pds.getName(): field2
pds.getName(): field3
pds.getName(): state
pds.getName(): class
pds.getName(): field1
pds.getName(): field2
pds.getName(): field3
pds.getName(): state
pds.getName(): class
pds.getName(): field1
pds.getName(): field2
pds.getName(): field3
pds.getName(): state
pds.getName(): class
pds.getName(): field1
pds.getName(): field2
pds.getName(): field3
pds.getName(): state
pds.getName(): class
pds.getName(): field1
pds.getName(): field2
pds.getName(): field3
pds.getName(): state
pds.getName(): class
pds.getName(): field1
pds.getName(): field2
pds.getName(): field3
pds.getName(): state
pds.getName(): class
pds.getName(): field1
pds.getName(): field2
pds.getName(): field3
pds.getName(): state
pds.getName(): class
pds.getName(): field1
pds.getName(): field2
pds.getName(): field3
pds.getName(): state
pds.getName(): class
pds.getName(): field1
pds.getName(): field2
pds.getName(): field3
pds.getName(): state
pds.getName(): class
pds.getName(): field1
pds.getName(): field2
pds.getName(): field3
pds.getName(): state
pds.getName(): class
pds.getName(): field1
pds.getName(): field2
pds.getName(): field3
pds.getName(): state
pds.getName(): class
pds.getName(): field1
pds.getName(): field2
pds.getName(): field3
pds.getName(): state
pds.getName(): class
pds.getName(): field1
pds.getName(): field2
pds.getName(): field3
pds.getName(): state
pds.getName(): class
pds.getName(): field1
pds.getName(): field2
pds.getName(): field3
pds.getName(): state
pds.getName(): class
pds.getName(): field1
pds.getName(): field2
pds.getName(): field3
pds.getName(): state
pds.getName(): class
pds.getName(): field1
pds.getName(): field2
pds.getName(): field3
pds.getName(): state
pds.getName(): class
pds.getName(): field1
pds.getName(): field2
pds.getName(): field3
pds.getName(): state
pds.getName(): class
pds.getName(): field1
pds.getName(): field2
pds.getName(): field3
pds.getName(): state
pds.getName(): class
pds.getName(): field1
pds.getName(): field2
pds.getName(): field3
pds.getName(): state
pds.getName(): class
pds.getName(): field1
pds.getName(): field2
pds.getName(): field3
pds.getName(): state
pds.getName(): class
pds.getName(): field1
supercalss is: class java.lang.Object
pds.getName(): field2
supercalss is: class java.lang.Object
pds.getName(): field3
supercalss is: class java.lang.Object
pds.getName(): state
supercalss is: null
pds.getName(): simConfig2
supercalss is: class com.emoney.finance.emx.Config
pds.getName(): class
pds.getName(): field1
pds.getName(): field2
pds.getName(): field3
pds.getName(): state
pds.getName(): systemConfig
pds.getName(): class
pds.getName(): field1
pds.getName(): field2
pds.getName(): field3
pds.getName(): state
pds.getName(): systemConfig
pds.getName(): class
pds.getName(): field1
pds.getName(): field2
pds.getName(): field3
pds.getName(): state
pds.getName(): systemConfig
pds.getName(): class
pds.getName(): field1
pds.getName(): field2
pds.getName(): field3
pds.getName(): state
pds.getName(): systemConfig
pds.getName(): class
pds.getName(): field1
pds.getName(): field2
pds.getName(): field3
pds.getName(): state
pds.getName(): systemConfig
pds.getName(): class
pds.getName(): field1
pds.getName(): field2
pds.getName(): field3
pds.getName(): state
pds.getName(): systemConfig
pds.getName(): class
pds.getName(): field1
pds.getName(): field2
pds.getName(): field3
pds.getName(): state
pds.getName(): systemConfig
pds.getName(): class
pds.getName(): field1
pds.getName(): field2
pds.getName(): field3
pds.getName(): state
pds.getName(): systemConfig
pds.getName(): class
pds.getName(): field1
pds.getName(): field2
pds.getName(): field3
pds.getName(): state
pds.getName(): systemConfig
pds.getName(): class
pds.getName(): field1
pds.getName(): field2
pds.getName(): field3
pds.getName(): state
pds.getName(): systemConfig
pds.getName(): class
pds.getName(): field1
pds.getName(): field2
pds.getName(): field3
pds.getName(): state
pds.getName(): systemConfig
pds.getName(): class
pds.getName(): field1
pds.getName(): field2
pds.getName(): field3
pds.getName(): state
pds.getName(): systemConfig
pds.getName(): class
pds.getName(): field1
pds.getName(): field2
pds.getName(): field3
pds.getName(): state
pds.getName(): systemConfig
pds.getName(): class
pds.getName(): field1
pds.getName(): field2
pds.getName(): field3
pds.getName(): state
pds.getName(): systemConfig
pds.getName(): class
pds.getName(): field1
pds.getName(): field2
pds.getName(): field3
pds.getName(): state
pds.getName(): systemConfig
pds.getName(): class
pds.getName(): field1
pds.getName(): field2
pds.getName(): field3
pds.getName(): state
pds.getName(): systemConfig
pds.getName(): class
pds.getName(): field1
pds.getName(): field2
pds.getName(): field3
pds.getName(): state
pds.getName(): systemConfig
pds.getName(): class
pds.getName(): field1
pds.getName(): field2
pds.getName(): field3
pds.getName(): state
pds.getName(): systemConfig
pds.getName(): class
pds.getName(): field1
pds.getName(): field2
pds.getName(): field3
pds.getName(): state
pds.getName(): systemConfig
pds.getName(): class
pds.getName(): field1
pds.getName(): field2
pds.getName(): field3
pds.getName(): state
pds.getName(): systemConfig
pds.getName(): class
pds.getName(): field1
pds.getName(): field2
pds.getName(): field3
pds.getName(): state
pds.getName(): systemConfig
pds.getName(): class
pds.getName(): field1
pds.getName(): field2
pds.getName(): field3
pds.getName(): state
pds.getName(): systemConfig
pds.getName(): class
pds.getName(): field1
pds.getName(): field2
pds.getName(): field3
pds.getName(): state
pds.getName(): systemConfig
pds.getName(): class
pds.getName(): field1
pds.getName(): field2
pds.getName(): field3
pds.getName(): state
pds.getName(): systemConfig
pds.getName(): class
pds.getName(): field1
pds.getName(): field2
pds.getName(): field3
pds.getName(): state
pds.getName(): systemConfig
pds.getName(): class
pds.getName(): field1
pds.getName(): field2
pds.getName(): field3
pds.getName(): state
pds.getName(): systemConfig
pds.getName(): class
pds.getName(): field1
pds.getName(): field2
pds.getName(): field3
pds.getName(): state
pds.getName(): systemConfig
pds.getName(): class
pds.getName(): field1
pds.getName(): field2
pds.getName(): field3
pds.getName(): state
pds.getName(): systemConfig
pds.getName(): class
pds.getName(): field1
pds.getName(): field2
pds.getName(): field3
pds.getName(): state
pds.getName(): systemConfig
pds.getName(): class
pds.getName(): field1
pds.getName(): field2
pds.getName(): field3
pds.getName(): state
pds.getName(): systemConfig
pds.getName(): class
pds.getName(): field1
pds.getName(): field2
pds.getName(): field3
pds.getName(): state
pds.getName(): systemConfig
pds.getName(): class
pds.getName(): field1
pds.getName(): field2
pds.getName(): field3
pds.getName(): state
pds.getName(): systemConfig
pds.getName(): class
pds.getName(): field1
pds.getName(): field2
pds.getName(): field3
pds.getName(): state
pds.getName(): systemConfig
pds.getName(): class
pds.getName(): field1
pds.getName(): field2
pds.getName(): field3
pds.getName(): state
pds.getName(): systemConfig
pds.getName(): class
pds.getName(): field1
pds.getName(): field2
pds.getName(): field3
pds.getName(): state
pds.getName(): systemConfig
pds.getName(): class
pds.getName(): field1
pds.getName(): field2
pds.getName(): field3
pds.getName(): state
pds.getName(): systemConfig
pds.getName(): class
pds.getName(): field1
pds.getName(): field2
pds.getName(): field3
pds.getName(): state
pds.getName(): systemConfig
pds.getName(): class
pds.getName(): field1
pds.getName(): field2
pds.getName(): field3
pds.getName(): state
pds.getName(): systemConfig
pds.getName(): class
pds.getName(): field1
pds.getName(): field2
pds.getName(): field3
pds.getName(): state
pds.getName(): systemConfig
pds.getName(): class
pds.getName(): field1
supercalss is: class java.lang.Object
pds.getName(): field2
supercalss is: class java.lang.Object
pds.getName(): field3
supercalss is: class java.lang.Object
pds.getName(): state
supercalss is: null
pds.getName(): systemConfig
supercalss is: class com.emoney.finance.emx.Config
pds.getName(): class
pds.getName(): field1
pds.getName(): field2
pds.getName(): field3
pds.getName(): state
pds.getName(): class
pds.getName(): field1
pds.getName(): field2
pds.getName(): field3
pds.getName(): state
pds.getName(): class
pds.getName(): field1
pds.getName(): field2
pds.getName(): field3
pds.getName(): state
pds.getName(): class
pds.getName(): field1
pds.getName(): field2
pds.getName(): field3
pds.getName(): state
pds.getName(): class
pds.getName(): field1
pds.getName(): field2
pds.getName(): field3
pds.getName(): state
pds.getName(): class
pds.getName(): field1
pds.getName(): field2
pds.getName(): field3
pds.getName(): state
pds.getName(): class
pds.getName(): field1
pds.getName(): field2
pds.getName(): field3
pds.getName(): state
pds.getName(): class
pds.getName(): field1
pds.getName(): field2
pds.getName(): field3
pds.getName(): state
pds.getName(): class
pds.getName(): field1
pds.getName(): field2
pds.getName(): field3
pds.getName(): state
pds.getName(): class
pds.getName(): field1
pds.getName(): field2
pds.getName(): field3
pds.getName(): state
pds.getName(): class
pds.getName(): field1
pds.getName(): field2
pds.getName(): field3
pds.getName(): state
pds.getName(): class
pds.getName(): field1
pds.getName(): field2
pds.getName(): field3
pds.getName(): state
pds.getName(): class
pds.getName(): field1
pds.getName(): field2
pds.getName(): field3
pds.getName(): state
pds.getName(): class
pds.getName(): field1
pds.getName(): field2
pds.getName(): field3
pds.getName(): state
pds.getName(): class
pds.getName(): field1
pds.getName(): field2
pds.getName(): field3
pds.getName(): state
pds.getName(): class
pds.getName(): field1
pds.getName(): field2
pds.getName(): field3
pds.getName(): state
pds.getName(): class
pds.getName(): field1
pds.getName(): field2
pds.getName(): field3
pds.getName(): state
pds.getName(): class
pds.getName(): field1
pds.getName(): field2
pds.getName(): field3
pds.getName(): state
pds.getName(): class
pds.getName(): field1
pds.getName(): field2
pds.getName(): field3
pds.getName(): state
pds.getName(): class
pds.getName(): field1
pds.getName(): field2
pds.getName(): field3
pds.getName(): state
pds.getName(): class
pds.getName(): field1
pds.getName(): field2
pds.getName(): field3
pds.getName(): state
pds.getName(): class
pds.getName(): field1
pds.getName(): field2
pds.getName(): field3
pds.getName(): state
pds.getName(): class
pds.getName(): field1
pds.getName(): field2
pds.getName(): field3
pds.getName(): state
pds.getName(): class
pds.getName(): field1
pds.getName(): field2
pds.getName(): field3
pds.getName(): state
pds.getName(): class
pds.getName(): field1
pds.getName(): field2
pds.getName(): field3
pds.getName(): state
pds.getName(): class
pds.getName(): field1
pds.getName(): field2
pds.getName(): field3
pds.getName(): state
pds.getName(): class
pds.getName(): field1
pds.getName(): field2
pds.getName(): field3
pds.getName(): state
pds.getName(): class
pds.getName(): field1
pds.getName(): field2
pds.getName(): field3
pds.getName(): state
pds.getName(): class
pds.getName(): field1
pds.getName(): field2
pds.getName(): field3
pds.getName(): state
pds.getName(): class
pds.getName(): field1
pds.getName(): field2
pds.getName(): field3
pds.getName(): state
pds.getName(): class
pds.getName(): field1
pds.getName(): field2
pds.getName(): field3
pds.getName(): state
pds.getName(): class
pds.getName(): field1
pds.getName(): field2
pds.getName(): field3
pds.getName(): state
pds.getName(): class
pds.getName(): field1
pds.getName(): field2
pds.getName(): field3
pds.getName(): state
pds.getName(): class
pds.getName(): field1
pds.getName(): field2
pds.getName(): field3
pds.getName(): state
pds.getName(): class
pds.getName(): field1
pds.getName(): field2
pds.getName(): field3
pds.getName(): state
pds.getName(): class
pds.getName(): field1
pds.getName(): field2
pds.getName(): field3
pds.getName(): state
pds.getName(): class
pds.getName(): field1
pds.getName(): field2
pds.getName(): field3
pds.getName(): state
pds.getName(): class
pds.getName(): field1
pds.getName(): field2
pds.getName(): field3
pds.getName(): state
pds.getName(): class
pds.getName(): field1
pds.getName(): field2
pds.getName(): field3
pds.getName(): state
pds.getName(): class
pds.getName(): field1
supercalss is: class java.lang.Object
pds.getName(): field2
supercalss is: class java.lang.Object
pds.getName(): field3
supercalss is: class java.lang.Object
pds.getName(): state
supercalss is: null
pds.getName(): simConfig3
supercalss is: class com.emoney.finance.emx.Config
pds.getName(): class
pds.getName(): field1
pds.getName(): field2
pds.getName(): field3
pds.getName(): state
pds.getName(): systemConfig
pds.getName(): class
pds.getName(): field1
pds.getName(): field2
pds.getName(): field3
pds.getName(): state
pds.getName(): systemConfig
pds.getName(): class
pds.getName(): field1
pds.getName(): field2
pds.getName(): field3
pds.getName(): state
pds.getName(): systemConfig
pds.getName(): class
pds.getName(): field1
pds.getName(): field2
pds.getName(): field3
pds.getName(): state
pds.getName(): systemConfig
pds.getName(): class
pds.getName(): field1
pds.getName(): field2
pds.getName(): field3
pds.getName(): state
pds.getName(): systemConfig
pds.getName(): class
pds.getName(): field1
pds.getName(): field2
pds.getName(): field3
pds.getName(): state
pds.getName(): systemConfig
pds.getName(): class
pds.getName(): field1
pds.getName(): field2
pds.getName(): field3
pds.getName(): state
pds.getName(): systemConfig
pds.getName(): class
pds.getName(): field1
pds.getName(): field2
pds.getName(): field3
pds.getName(): state
pds.getName(): systemConfig
pds.getName(): class
pds.getName(): field1
pds.getName(): field2
pds.getName(): field3
pds.getName(): state
pds.getName(): systemConfig
pds.getName(): class
pds.getName(): field1
pds.getName(): field2
pds.getName(): field3
pds.getName(): state
pds.getName(): systemConfig
pds.getName(): class
pds.getName(): field1
pds.getName(): field2
pds.getName(): field3
pds.getName(): state
pds.getName(): systemConfig
pds.getName(): class
pds.getName(): field1
pds.getName(): field2
pds.getName(): field3
pds.getName(): state
pds.getName(): systemConfig
pds.getName(): class
pds.getName(): field1
pds.getName(): field2
pds.getName(): field3
pds.getName(): state
pds.getName(): systemConfig
pds.getName(): class
pds.getName(): field1
pds.getName(): field2
pds.getName(): field3
pds.getName(): state
pds.getName(): systemConfig
pds.getName(): class
pds.getName(): field1
pds.getName(): field2
pds.getName(): field3
pds.getName(): state
pds.getName(): systemConfig
pds.getName(): class
pds.getName(): field1
pds.getName(): field2
pds.getName(): field3
pds.getName(): state
pds.getName(): systemConfig
pds.getName(): class
pds.getName(): field1
pds.getName(): field2
pds.getName(): field3
pds.getName(): state
pds.getName(): systemConfig
pds.getName(): class
pds.getName(): field1
pds.getName(): field2
pds.getName(): field3
pds.getName(): state
pds.getName(): systemConfig
pds.getName(): class
pds.getName(): field1
pds.getName(): field2
pds.getName(): field3
pds.getName(): state
pds.getName(): systemConfig
pds.getName(): class
pds.getName(): field1
pds.getName(): field2
pds.getName(): field3
pds.getName(): state
pds.getName(): systemConfig
pds.getName(): class
pds.getName(): field1
pds.getName(): field2
pds.getName(): field3
pds.getName(): state
pds.getName(): systemConfig
pds.getName(): class
pds.getName(): field1
pds.getName(): field2
pds.getName(): field3
pds.getName(): state
pds.getName(): systemConfig
pds.getName(): class
pds.getName(): field1
pds.getName(): field2
pds.getName(): field3
pds.getName(): state
pds.getName(): systemConfig
pds.getName(): class
pds.getName(): field1
pds.getName(): field2
pds.getName(): field3
pds.getName(): state
pds.getName(): systemConfig
pds.getName(): class
pds.getName(): field1
pds.getName(): field2
pds.getName(): field3
pds.getName(): state
pds.getName(): systemConfig
pds.getName(): class
pds.getName(): field1
pds.getName(): field2
pds.getName(): field3
pds.getName(): state
pds.getName(): systemConfig
pds.getName(): class
pds.getName(): field1
pds.getName(): field2
pds.getName(): field3
pds.getName(): state
pds.getName(): systemConfig
pds.getName(): class
pds.getName(): field1
pds.getName(): field2
pds.getName(): field3
pds.getName(): state
pds.getName(): systemConfig
pds.getName(): class
pds.getName(): field1
pds.getName(): field2
pds.getName(): field3
pds.getName(): state
pds.getName(): systemConfig
pds.getName(): class
pds.getName(): field1
pds.getName(): field2
pds.getName(): field3
pds.getName(): state
pds.getName(): systemConfig
pds.getName(): class
pds.getName(): field1
pds.getName(): field2
pds.getName(): field3
pds.getName(): state
pds.getName(): systemConfig
pds.getName(): class
pds.getName(): field1
pds.getName(): field2
pds.getName(): field3
pds.getName(): state
pds.getName(): systemConfig
pds.getName(): class
pds.getName(): field1
pds.getName(): field2
pds.getName(): field3
pds.getName(): state
pds.getName(): systemConfig
pds.getName(): class
pds.getName(): field1
pds.getName(): field2
pds.getName(): field3
pds.getName(): state
pds.getName(): systemConfig
pds.getName(): class
pds.getName(): field1
pds.getName(): field2
pds.getName(): field3
pds.getName(): state
pds.getName(): systemConfig
pds.getName(): class
pds.getName(): field1
pds.getName(): field2
pds.getName(): field3
pds.getName(): state
pds.getName(): systemConfig
pds.getName(): class
pds.getName(): field1
pds.getName(): field2
pds.getName(): field3
pds.getName(): state
pds.getName(): systemConfig
pds.getName(): class
pds.getName(): field1
pds.getName(): field2
pds.getName(): field3
pds.getName(): state
pds.getName(): systemConfig
pds.getName(): class
pds.getName(): field1
pds.getName(): field2
pds.getName(): field3
pds.getName(): state
pds.getName(): systemConfig
pds.getName(): class
pds.getName(): field1
supercalss is: class java.lang.Object
pds.getName(): field2
supercalss is: class java.lang.Object
pds.getName(): field3
supercalss is: class java.lang.Object
pds.getName(): state
supercalss is: null
pds.getName(): systemConfig
supercalss is: class com.emoney.finance.emx.Config
pds.getName(): class
pds.getName(): field1
pds.getName(): field2
pds.getName(): field3
pds.getName(): state
pds.getName(): class
pds.getName(): field1
pds.getName(): field2
pds.getName(): field3
pds.getName(): state
pds.getName(): class
pds.getName(): field1
pds.getName(): field2
pds.getName(): field3
pds.getName(): state
pds.getName(): class
pds.getName(): field1
pds.getName(): field2
pds.getName(): field3
pds.getName(): state
pds.getName(): class
pds.getName(): field1
pds.getName(): field2
pds.getName(): field3
pds.getName(): state
pds.getName(): class
pds.getName(): field1
pds.getName(): field2
pds.getName(): field3
pds.getName(): state
pds.getName(): class
pds.getName(): field1
pds.getName(): field2
pds.getName(): field3
pds.getName(): state
pds.getName(): class
pds.getName(): field1
pds.getName(): field2
pds.getName(): field3
pds.getName(): state
pds.getName(): class
pds.getName(): field1
pds.getName(): field2
pds.getName(): field3
pds.getName(): state
pds.getName(): class
pds.getName(): field1
pds.getName(): field2
pds.getName(): field3
pds.getName(): state
pds.getName(): class
pds.getName(): field1
pds.getName(): field2
pds.getName(): field3
pds.getName(): state
pds.getName(): class
pds.getName(): field1
pds.getName(): field2
pds.getName(): field3
pds.getName(): state
pds.getName(): class
pds.getName(): field1
pds.getName(): field2
pds.getName(): field3
pds.getName(): state
pds.getName(): class
pds.getName(): field1
pds.getName(): field2
pds.getName(): field3
pds.getName(): state
pds.getName(): class
pds.getName(): field1
pds.getName(): field2
pds.getName(): field3
pds.getName(): state
pds.getName(): class
pds.getName(): field1
pds.getName(): field2
pds.getName(): field3
pds.getName(): state
pds.getName(): class
pds.getName(): field1
pds.getName(): field2
pds.getName(): field3
pds.getName(): state
pds.getName(): class
pds.getName(): field1
pds.getName(): field2
pds.getName(): field3
pds.getName(): state
pds.getName(): class
pds.getName(): field1
pds.getName(): field2
pds.getName(): field3
pds.getName(): state
pds.getName(): class
pds.getName(): field1
pds.getName(): field2
pds.getName(): field3
pds.getName(): state
pds.getName(): class
pds.getName(): field1
pds.getName(): field2
pds.getName(): field3
pds.getName(): state
pds.getName(): class
pds.getName(): field1
pds.getName(): field2
pds.getName(): field3
pds.getName(): state
pds.getName(): class
pds.getName(): field1
pds.getName(): field2
pds.getName(): field3
pds.getName(): state
pds.getName(): class
pds.getName(): field1
pds.getName(): field2
pds.getName(): field3
pds.getName(): state
pds.getName(): class
pds.getName(): field1
pds.getName(): field2
pds.getName(): field3
pds.getName(): state
pds.getName(): class
pds.getName(): field1
pds.getName(): field2
pds.getName(): field3
pds.getName(): state
pds.getName(): class
pds.getName(): field1
pds.getName(): field2
pds.getName(): field3
pds.getName(): state
pds.getName(): class
pds.getName(): field1
pds.getName(): field2
pds.getName(): field3
pds.getName(): state
pds.getName(): class
pds.getName(): field1
pds.getName(): field2
pds.getName(): field3
pds.getName(): state
pds.getName(): class
pds.getName(): field1
pds.getName(): field2
pds.getName(): field3
pds.getName(): state
pds.getName(): class
pds.getName(): field1
pds.getName(): field2
pds.getName(): field3
pds.getName(): state
pds.getName(): class
pds.getName(): field1
pds.getName(): field2
pds.getName(): field3
pds.getName(): state
pds.getName(): class
pds.getName(): field1
pds.getName(): field2
pds.getName(): field3
pds.getName(): state
pds.getName(): class
pds.getName(): field1
pds.getName(): field2
pds.getName(): field3
pds.getName(): state
pds.getName(): class
pds.getName(): field1
pds.getName(): field2
pds.getName(): field3
pds.getName(): state
pds.getName(): class
pds.getName(): field1
pds.getName(): field2
pds.getName(): field3
pds.getName(): state
pds.getName(): class
pds.getName(): field1
pds.getName(): field2
pds.getName(): field3
pds.getName(): state
pds.getName(): class
pds.getName(): field1
pds.getName(): field2
pds.getName(): field3
pds.getName(): state
pds.getName(): class
pds.getName(): field1
pds.getName(): field2
pds.getName(): field3
pds.getName(): state
pds.getName(): class
pds.getName(): field1
supercalss is: class java.lang.Object
pds.getName(): field2
supercalss is: class java.lang.Object
pds.getName(): field3
supercalss is: class java.lang.Object
pds.getName(): state
supercalss is: null
pds.getName(): simConfig4
supercalss is: class com.emoney.finance.emx.Config
pds.getName(): class
pds.getName(): field1
pds.getName(): field2
pds.getName(): field3
pds.getName(): state
pds.getName(): systemConfig
pds.getName(): class
pds.getName(): field1
pds.getName(): field2
pds.getName(): field3
pds.getName(): state
pds.getName(): systemConfig
pds.getName(): class
pds.getName(): field1
pds.getName(): field2
pds.getName(): field3
pds.getName(): state
pds.getName(): systemConfig
pds.getName(): class
pds.getName(): field1
pds.getName(): field2
pds.getName(): field3
pds.getName(): state
pds.getName(): systemConfig
pds.getName(): class
pds.getName(): field1
pds.getName(): field2
pds.getName(): field3
pds.getName(): state
pds.getName(): systemConfig
pds.getName(): class
pds.getName(): field1
pds.getName(): field2
pds.getName(): field3
pds.getName(): state
pds.getName(): systemConfig
pds.getName(): class
pds.getName(): field1
pds.getName(): field2
pds.getName(): field3
pds.getName(): state
pds.getName(): systemConfig
pds.getName(): class
pds.getName(): field1
pds.getName(): field2
pds.getName(): field3
pds.getName(): state
pds.getName(): systemConfig
pds.getName(): class
pds.getName(): field1
pds.getName(): field2
pds.getName(): field3
pds.getName(): state
pds.getName(): systemConfig
pds.getName(): class
pds.getName(): field1
pds.getName(): field2
pds.getName(): field3
pds.getName(): state
pds.getName(): systemConfig
pds.getName(): class
pds.getName(): field1
pds.getName(): field2
pds.getName(): field3
pds.getName(): state
pds.getName(): systemConfig
pds.getName(): class
pds.getName(): field1
pds.getName(): field2
pds.getName(): field3
pds.getName(): state
pds.getName(): systemConfig
pds.getName(): class
pds.getName(): field1
pds.getName(): field2
pds.getName(): field3
pds.getName(): state
pds.getName(): systemConfig
pds.getName(): class
pds.getName(): field1
pds.getName(): field2
pds.getName(): field3
pds.getName(): state
pds.getName(): systemConfig
pds.getName(): class
pds.getName(): field1
pds.getName(): field2
pds.getName(): field3
pds.getName(): state
pds.getName(): systemConfig
pds.getName(): class
pds.getName(): field1
pds.getName(): field2
pds.getName(): field3
pds.getName(): state
pds.getName(): systemConfig
pds.getName(): class
pds.getName(): field1
pds.getName(): field2
pds.getName(): field3
pds.getName(): state
pds.getName(): systemConfig
pds.getName(): class
pds.getName(): field1
pds.getName(): field2
pds.getName(): field3
pds.getName(): state
pds.getName(): systemConfig
pds.getName(): class
pds.getName(): field1
pds.getName(): field2
pds.getName(): field3
pds.getName(): state
pds.getName(): systemConfig
pds.getName(): class
pds.getName(): field1
pds.getName(): field2
pds.getName(): field3
pds.getName(): state
pds.getName(): systemConfig
pds.getName(): class
pds.getName(): field1
pds.getName(): field2
pds.getName(): field3
pds.getName(): state
pds.getName(): systemConfig
pds.getName(): class
pds.getName(): field1
pds.getName(): field2
pds.getName(): field3
pds.getName(): state
pds.getName(): systemConfig
pds.getName(): class
pds.getName(): field1
pds.getName(): field2
pds.getName(): field3
pds.getName(): state
pds.getName(): systemConfig
pds.getName(): class
pds.getName(): field1
pds.getName(): field2
pds.getName(): field3
pds.getName(): state
pds.getName(): systemConfig
pds.getName(): class
pds.getName(): field1
pds.getName(): field2
pds.getName(): field3
pds.getName(): state
pds.getName(): systemConfig
pds.getName(): class
pds.getName(): field1
pds.getName(): field2
pds.getName(): field3
pds.getName(): state
pds.getName(): systemConfig
pds.getName(): class
pds.getName(): field1
pds.getName(): field2
pds.getName(): field3
pds.getName(): state
pds.getName(): systemConfig
pds.getName(): class
pds.getName(): field1
pds.getName(): field2
pds.getName(): field3
pds.getName(): state
pds.getName(): systemConfig
pds.getName(): class
pds.getName(): field1
pds.getName(): field2
pds.getName(): field3
pds.getName(): state
pds.getName(): systemConfig
pds.getName(): class
pds.getName(): field1
pds.getName(): field2
pds.getName(): field3
pds.getName(): state
pds.getName(): systemConfig
pds.getName(): class
pds.getName(): field1
pds.getName(): field2
pds.getName(): field3
pds.getName(): state
pds.getName(): systemConfig
pds.getName(): class
pds.getName(): field1
pds.getName(): field2
pds.getName(): field3
pds.getName(): state
pds.getName(): systemConfig
pds.getName(): class
pds.getName(): field1
pds.getName(): field2
pds.getName(): field3
pds.getName(): state
pds.getName(): systemConfig
pds.getName(): class
pds.getName(): field1
pds.getName(): field2
pds.getName(): field3
pds.getName(): state
pds.getName(): systemConfig
pds.getName(): class
pds.getName(): field1
pds.getName(): field2
pds.getName(): field3
pds.getName(): state
pds.getName(): systemConfig
pds.getName(): class
pds.getName(): field1
pds.getName(): field2
pds.getName(): field3
pds.getName(): state
pds.getName(): systemConfig
pds.getName(): class
pds.getName(): field1
pds.getName(): field2
pds.getName(): field3
pds.getName(): state
pds.getName(): systemConfig
pds.getName(): class
pds.getName(): field1
pds.getName(): field2
pds.getName(): field3
pds.getName(): state
pds.getName(): systemConfig
pds.getName(): class
pds.getName(): field1
pds.getName(): field2
pds.getName(): field3
pds.getName(): state
pds.getName(): systemConfig
pds.getName(): class
pds.getName(): field1
supercalss is: class java.lang.Object
pds.getName(): field2
supercalss is: class java.lang.Object
pds.getName(): field3
supercalss is: class java.lang.Object
pds.getName(): state
supercalss is: null
pds.getName(): systemConfig
supercalss is: class com.emoney.finance.emx.Config
pds.getName(): class
pds.getName(): field1
pds.getName(): field2
pds.getName(): field3
pds.getName(): state
pds.getName(): class
pds.getName(): field1
pds.getName(): field2
pds.getName(): field3
pds.getName(): state
pds.getName(): class
pds.getName(): field1
pds.getName(): field2
pds.getName(): field3
pds.getName(): state
pds.getName(): class
pds.getName(): field1
pds.getName(): field2
pds.getName(): field3
pds.getName(): state
pds.getName(): class
pds.getName(): field1
pds.getName(): field2
pds.getName(): field3
pds.getName(): state
pds.getName(): class
pds.getName(): field1
pds.getName(): field2
pds.getName(): field3
pds.getName(): state
pds.getName(): class
pds.getName(): field1
pds.getName(): field2
pds.getName(): field3
pds.getName(): state
pds.getName(): class
pds.getName(): field1
pds.getName(): field2
pds.getName(): field3
pds.getName(): state
pds.getName(): class
pds.getName(): field1
pds.getName(): field2
pds.getName(): field3
pds.getName(): state
pds.getName(): class
pds.getName(): field1
pds.getName(): field2
pds.getName(): field3
pds.getName(): state
pds.getName(): class
pds.getName(): field1
pds.getName(): field2
pds.getName(): field3
pds.getName(): state
pds.getName(): class
pds.getName(): field1
pds.getName(): field2
pds.getName(): field3
pds.getName(): state
pds.getName(): class
pds.getName(): field1
pds.getName(): field2
pds.getName(): field3
pds.getName(): state
pds.getName(): class
pds.getName(): field1
pds.getName(): field2
pds.getName(): field3
pds.getName(): state
pds.getName(): class
pds.getName(): field1
pds.getName(): field2
pds.getName(): field3
pds.getName(): state
pds.getName(): class
pds.getName(): field1
pds.getName(): field2
pds.getName(): field3
pds.getName(): state
pds.getName(): class
pds.getName(): field1
pds.getName(): field2
pds.getName(): field3
pds.getName(): state
pds.getName(): class
pds.getName(): field1
pds.getName(): field2
pds.getName(): field3
pds.getName(): state
pds.getName(): class
pds.getName(): field1
pds.getName(): field2
pds.getName(): field3
pds.getName(): state
pds.getName(): class
pds.getName(): field1
pds.getName(): field2
pds.getName(): field3
pds.getName(): state
pds.getName(): class
pds.getName(): field1
pds.getName(): field2
pds.getName(): field3
pds.getName(): state
pds.getName(): class
pds.getName(): field1
pds.getName(): field2
pds.getName(): field3
pds.getName(): state
pds.getName(): class
pds.getName(): field1
pds.getName(): field2
pds.getName(): field3
pds.getName(): state
pds.getName(): class
pds.getName(): field1
pds.getName(): field2
pds.getName(): field3
pds.getName(): state
pds.getName(): class
pds.getName(): field1
pds.getName(): field2
pds.getName(): field3
pds.getName(): state
pds.getName(): class
pds.getName(): field1
pds.getName(): field2
pds.getName(): field3
pds.getName(): state
pds.getName(): class
pds.getName(): field1
pds.getName(): field2
pds.getName(): field3
pds.getName(): state
pds.getName(): class
pds.getName(): field1
pds.getName(): field2
pds.getName(): field3
pds.getName(): state
pds.getName(): class
pds.getName(): field1
pds.getName(): field2
pds.getName(): field3
pds.getName(): state
pds.getName(): class
pds.getName(): field1
pds.getName(): field2
pds.getName(): field3
pds.getName(): state
pds.getName(): class
pds.getName(): field1
pds.getName(): field2
pds.getName(): field3
pds.getName(): state
pds.getName(): class
pds.getName(): field1
pds.getName(): field2
pds.getName(): field3
pds.getName(): state
pds.getName(): class
pds.getName(): field1
pds.getName(): field2
pds.getName(): field3
pds.getName(): state
pds.getName(): class
pds.getName(): field1
pds.getName(): field2
pds.getName(): field3
pds.getName(): state
pds.getName(): class
pds.getName(): field1
pds.getName(): field2
pds.getName(): field3
pds.getName(): state
pds.getName(): class
pds.getName(): field1
pds.getName(): field2
pds.getName(): field3
pds.getName(): state
pds.getName(): class
pds.getName(): field1
pds.getName(): field2
pds.getName(): field3
pds.getName(): state
pds.getName(): class
pds.getName(): field1
pds.getName(): field2
pds.getName(): field3
pds.getName(): state
pds.getName(): class
pds.getName(): field1
pds.getName(): field2
pds.getName(): field3
pds.getName(): state
pds.getName(): class
pds.getName(): field1
supercalss is: class java.lang.Object
pds.getName(): field2
supercalss is: class java.lang.Object
pds.getName(): field3
supercalss is: class java.lang.Object
pds.getName(): state
supercalss is: null
pds.getName(): simConfig5
supercalss is: class com.emoney.finance.emx.Config
pds.getName(): class
pds.getName(): field1
pds.getName(): field2
pds.getName(): field3
pds.getName(): state
pds.getName(): systemConfig
pds.getName(): class
pds.getName(): field1
pds.getName(): field2
pds.getName(): field3
pds.getName(): state
pds.getName(): systemConfig
pds.getName(): class
pds.getName(): field1
pds.getName(): field2
pds.getName(): field3
pds.getName(): state
pds.getName(): systemConfig
pds.getName(): class
pds.getName(): field1
pds.getName(): field2
pds.getName(): field3
pds.getName(): state
pds.getName(): systemConfig
pds.getName(): class
pds.getName(): field1
pds.getName(): field2
pds.getName(): field3
pds.getName(): state
pds.getName(): systemConfig
pds.getName(): class
pds.getName(): field1
pds.getName(): field2
pds.getName(): field3
pds.getName(): state
pds.getName(): systemConfig
pds.getName(): class
pds.getName(): field1
pds.getName(): field2
pds.getName(): field3
pds.getName(): state
pds.getName(): systemConfig
pds.getName(): class
pds.getName(): field1
pds.getName(): field2
pds.getName(): field3
pds.getName(): state
pds.getName(): systemConfig
pds.getName(): class
pds.getName(): field1
pds.getName(): field2
pds.getName(): field3
pds.getName(): state
pds.getName(): systemConfig
pds.getName(): class
pds.getName(): field1
pds.getName(): field2
pds.getName(): field3
pds.getName(): state
pds.getName(): systemConfig
pds.getName(): class
pds.getName(): field1
pds.getName(): field2
pds.getName(): field3
pds.getName(): state
pds.getName(): systemConfig
pds.getName(): class
pds.getName(): field1
pds.getName(): field2
pds.getName(): field3
pds.getName(): state
pds.getName(): systemConfig
pds.getName(): class
pds.getName(): field1
pds.getName(): field2
pds.getName(): field3
pds.getName(): state
pds.getName(): systemConfig
pds.getName(): class
pds.getName(): field1
pds.getName(): field2
pds.getName(): field3
pds.getName(): state
pds.getName(): systemConfig
pds.getName(): class
pds.getName(): field1
pds.getName(): field2
pds.getName(): field3
pds.getName(): state
pds.getName(): systemConfig
pds.getName(): class
pds.getName(): field1
pds.getName(): field2
pds.getName(): field3
pds.getName(): state
pds.getName(): systemConfig
pds.getName(): class
pds.getName(): field1
pds.getName(): field2
pds.getName(): field3
pds.getName(): state
pds.getName(): systemConfig
pds.getName(): class
pds.getName(): field1
pds.getName(): field2
pds.getName(): field3
pds.getName(): state
pds.getName(): systemConfig
pds.getName(): class
pds.getName(): field1
pds.getName(): field2
pds.getName(): field3
pds.getName(): state
pds.getName(): systemConfig
pds.getName(): class
pds.getName(): field1
pds.getName(): field2
pds.getName(): field3
pds.getName(): state
pds.getName(): systemConfig
pds.getName(): class
pds.getName(): field1
pds.getName(): field2
pds.getName(): field3
pds.getName(): state
pds.getName(): systemConfig
pds.getName(): class
pds.getName(): field1
pds.getName(): field2
pds.getName(): field3
pds.getName(): state
pds.getName(): systemConfig
pds.getName(): class
pds.getName(): field1
pds.getName(): field2
pds.getName(): field3
pds.getName(): state
pds.getName(): systemConfig
pds.getName(): class
pds.getName(): field1
pds.getName(): field2
pds.getName(): field3
pds.getName(): state
pds.getName(): systemConfig
pds.getName(): class
pds.getName(): field1
pds.getName(): field2
pds.getName(): field3
pds.getName(): state
pds.getName(): systemConfig
pds.getName(): class
pds.getName(): field1
pds.getName(): field2
pds.getName(): field3
pds.getName(): state
pds.getName(): systemConfig
pds.getName(): class
pds.getName(): field1
pds.getName(): field2
pds.getName(): field3
pds.getName(): state
pds.getName(): systemConfig
pds.getName(): class
pds.getName(): field1
pds.getName(): field2
pds.getName(): field3
pds.getName(): state
pds.getName(): systemConfig
pds.getName(): class
pds.getName(): field1
pds.getName(): field2
pds.getName(): field3
pds.getName(): state
pds.getName(): systemConfig
pds.getName(): class
pds.getName(): field1
pds.getName(): field2
pds.getName(): field3
pds.getName(): state
pds.getName(): systemConfig
pds.getName(): class
pds.getName(): field1
pds.getName(): field2
pds.getName(): field3
pds.getName(): state
pds.getName(): systemConfig
pds.getName(): class
pds.getName(): field1
pds.getName(): field2
pds.getName(): field3
pds.getName(): state
pds.getName(): systemConfig
pds.getName(): class
pds.getName(): field1
pds.getName(): field2
pds.getName(): field3
pds.getName(): state
pds.getName(): systemConfig
pds.getName(): class
pds.getName(): field1
pds.getName(): field2
pds.getName(): field3
pds.getName(): state
pds.getName(): systemConfig
pds.getName(): class
pds.getName(): field1
pds.getName(): field2
pds.getName(): field3
pds.getName(): state
pds.getName(): systemConfig
pds.getName(): class
pds.getName(): field1
pds.getName(): field2
pds.getName(): field3
pds.getName(): state
pds.getName(): systemConfig
pds.getName(): class
pds.getName(): field1
pds.getName(): field2
pds.getName(): field3
pds.getName(): state
pds.getName(): systemConfig
pds.getName(): class
pds.getName(): field1
pds.getName(): field2
pds.getName(): field3
pds.getName(): state
pds.getName(): systemConfig
pds.getName(): class
pds.getName(): field1
pds.getName(): field2
pds.getName(): field3
pds.getName(): state
pds.getName(): systemConfig
pds.getName(): class
pds.getName(): field1
supercalss is: class java.lang.Object
pds.getName(): field2
supercalss is: class java.lang.Object
pds.getName(): field3
supercalss is: class java.lang.Object
pds.getName(): state
supercalss is: null
pds.getName(): systemConfig
supercalss is: class com.emoney.finance.emx.Config
pds.getName(): class
pds.getName(): field1
pds.getName(): field2
pds.getName(): field3
pds.getName(): state
pds.getName(): class
pds.getName(): field1
pds.getName(): field2
pds.getName(): field3
pds.getName(): state
pds.getName(): class
pds.getName(): field1
pds.getName(): field2
pds.getName(): field3
pds.getName(): state
pds.getName(): class
pds.getName(): field1
pds.getName(): field2
pds.getName(): field3
pds.getName(): state
pds.getName(): class
pds.getName(): field1
pds.getName(): field2
pds.getName(): field3
pds.getName(): state
pds.getName(): class
pds.getName(): field1
pds.getName(): field2
pds.getName(): field3
pds.getName(): state
pds.getName(): class
pds.getName(): field1
pds.getName(): field2
pds.getName(): field3
pds.getName(): state
pds.getName(): class
pds.getName(): field1
pds.getName(): field2
pds.getName(): field3
pds.getName(): state
pds.getName(): class
pds.getName(): field1
pds.getName(): field2
pds.getName(): field3
pds.getName(): state
pds.getName(): class
pds.getName(): field1
pds.getName(): field2
pds.getName(): field3
pds.getName(): state
pds.getName(): class
pds.getName(): field1
pds.getName(): field2
pds.getName(): field3
pds.getName(): state
pds.getName(): class
pds.getName(): field1
pds.getName(): field2
pds.getName(): field3
pds.getName(): state
pds.getName(): class
pds.getName(): field1
pds.getName(): field2
pds.getName(): field3
pds.getName(): state
pds.getName(): class
pds.getName(): field1
pds.getName(): field2
pds.getName(): field3
pds.getName(): state
pds.getName(): class
pds.getName(): field1
pds.getName(): field2
pds.getName(): field3
pds.getName(): state
pds.getName(): class
pds.getName(): field1
pds.getName(): field2
pds.getName(): field3
pds.getName(): state
pds.getName(): class
pds.getName(): field1
pds.getName(): field2
pds.getName(): field3
pds.getName(): state
pds.getName(): class
pds.getName(): field1
pds.getName(): field2
pds.getName(): field3
pds.getName(): state
pds.getName(): class
pds.getName(): field1
pds.getName(): field2
pds.getName(): field3
pds.getName(): state
pds.getName(): class
pds.getName(): field1
pds.getName(): field2
pds.getName(): field3
pds.getName(): state
pds.getName(): class
pds.getName(): field1
pds.getName(): field2
pds.getName(): field3
pds.getName(): state
pds.getName(): class
pds.getName(): field1
pds.getName(): field2
pds.getName(): field3
pds.getName(): state
pds.getName(): class
pds.getName(): field1
pds.getName(): field2
pds.getName(): field3
pds.getName(): state
pds.getName(): class
pds.getName(): field1
pds.getName(): field2
pds.getName(): field3
pds.getName(): state
pds.getName(): class
pds.getName(): field1
pds.getName(): field2
pds.getName(): field3
pds.getName(): state
pds.getName(): class
pds.getName(): field1
pds.getName(): field2
pds.getName(): field3
pds.getName(): state
pds.getName(): class
pds.getName(): field1
pds.getName(): field2
pds.getName(): field3
pds.getName(): state
pds.getName(): class
pds.getName(): field1
pds.getName(): field2
pds.getName(): field3
pds.getName(): state
pds.getName(): class
pds.getName(): field1
pds.getName(): field2
pds.getName(): field3
pds.getName(): state
pds.getName(): class
pds.getName(): field1
pds.getName(): field2
pds.getName(): field3
pds.getName(): state
pds.getName(): class
pds.getName(): field1
pds.getName(): field2
pds.getName(): field3
pds.getName(): state
pds.getName(): class
pds.getName(): field1
pds.getName(): field2
pds.getName(): field3
pds.getName(): state
pds.getName(): class
pds.getName(): field1
pds.getName(): field2
pds.getName(): field3
pds.getName(): state
pds.getName(): class
pds.getName(): field1
pds.getName(): field2
pds.getName(): field3
pds.getName(): state
pds.getName(): class
pds.getName(): field1
pds.getName(): field2
pds.getName(): field3
pds.getName(): state
pds.getName(): class
pds.getName(): field1
pds.getName(): field2
pds.getName(): field3
pds.getName(): state
pds.getName(): class
pds.getName(): field1
pds.getName(): field2
pds.getName(): field3
pds.getName(): state
pds.getName(): class
pds.getName(): field1
pds.getName(): field2
pds.getName(): field3
pds.getName(): state
pds.getName(): class
pds.getName(): field1
pds.getName(): field2
pds.getName(): field3
pds.getName(): state
pds.getName(): class
pds.getName(): field1
supercalss is: class java.lang.Object
pds.getName(): field2
supercalss is: class java.lang.Object
pds.getName(): field3
supercalss is: class java.lang.Object
pds.getName(): state
supercalss is: null
pds.getName(): simConfig6
supercalss is: class com.emoney.finance.emx.Config
pds.getName(): class
pds.getName(): field1
pds.getName(): field2
pds.getName(): field3
pds.getName(): state
pds.getName(): systemConfig
pds.getName(): class
pds.getName(): field1
pds.getName(): field2
pds.getName(): field3
pds.getName(): state
pds.getName(): systemConfig
pds.getName(): class
pds.getName(): field1
pds.getName(): field2
pds.getName(): field3
pds.getName(): state
pds.getName(): systemConfig
pds.getName(): class
pds.getName(): field1
pds.getName(): field2
pds.getName(): field3
pds.getName(): state
pds.getName(): systemConfig
pds.getName(): class
pds.getName(): field1
pds.getName(): field2
pds.getName(): field3
pds.getName(): state
pds.getName(): systemConfig
pds.getName(): class
pds.getName(): field1
pds.getName(): field2
pds.getName(): field3
pds.getName(): state
pds.getName(): systemConfig
pds.getName(): class
pds.getName(): field1
pds.getName(): field2
pds.getName(): field3
pds.getName(): state
pds.getName(): systemConfig
pds.getName(): class
pds.getName(): field1
pds.getName(): field2
pds.getName(): field3
pds.getName(): state
pds.getName(): systemConfig
pds.getName(): class
pds.getName(): field1
pds.getName(): field2
pds.getName(): field3
pds.getName(): state
pds.getName(): systemConfig
pds.getName(): class
pds.getName(): field1
pds.getName(): field2
pds.getName(): field3
pds.getName(): state
pds.getName(): systemConfig
pds.getName(): class
pds.getName(): field1
pds.getName(): field2
pds.getName(): field3
pds.getName(): state
pds.getName(): systemConfig
pds.getName(): class
pds.getName(): field1
pds.getName(): field2
pds.getName(): field3
pds.getName(): state
pds.getName(): systemConfig
pds.getName(): class
pds.getName(): field1
pds.getName(): field2
pds.getName(): field3
pds.getName(): state
pds.getName(): systemConfig
pds.getName(): class
pds.getName(): field1
pds.getName(): field2
pds.getName(): field3
pds.getName(): state
pds.getName(): systemConfig
pds.getName(): class
pds.getName(): field1
pds.getName(): field2
pds.getName(): field3
pds.getName(): state
pds.getName(): systemConfig
pds.getName(): class
pds.getName(): field1
pds.getName(): field2
pds.getName(): field3
pds.getName(): state
pds.getName(): systemConfig
pds.getName(): class
pds.getName(): field1
pds.getName(): field2
pds.getName(): field3
pds.getName(): state
pds.getName(): systemConfig
pds.getName(): class
pds.getName(): field1
pds.getName(): field2
pds.getName(): field3
pds.getName(): state
pds.getName(): systemConfig
pds.getName(): class
pds.getName(): field1
pds.getName(): field2
pds.getName(): field3
pds.getName(): state
pds.getName(): systemConfig
pds.getName(): class
pds.getName(): field1
pds.getName(): field2
pds.getName(): field3
pds.getName(): state
pds.getName(): systemConfig
pds.getName(): class
pds.getName(): field1
pds.getName(): field2
pds.getName(): field3
pds.getName(): state
pds.getName(): systemConfig
pds.getName(): class
pds.getName(): field1
pds.getName(): field2
pds.getName(): field3
pds.getName(): state
pds.getName(): systemConfig
pds.getName(): class
pds.getName(): field1
pds.getName(): field2
pds.getName(): field3
pds.getName(): state
pds.getName(): systemConfig
pds.getName(): class
pds.getName(): field1
pds.getName(): field2
pds.getName(): field3
pds.getName(): state
pds.getName(): systemConfig
pds.getName(): class
pds.getName(): field1
pds.getName(): field2
pds.getName(): field3
pds.getName(): state
pds.getName(): systemConfig
pds.getName(): class
pds.getName(): field1
pds.getName(): field2
pds.getName(): field3
pds.getName(): state
pds.getName(): systemConfig
pds.getName(): class
pds.getName(): field1
pds.getName(): field2
pds.getName(): field3
pds.getName(): state
pds.getName(): systemConfig
pds.getName(): class
pds.getName(): field1
pds.getName(): field2
pds.getName(): field3
pds.getName(): state
pds.getName(): systemConfig
pds.getName(): class
pds.getName(): field1
pds.getName(): field2
pds.getName(): field3
pds.getName(): state
pds.getName(): systemConfig
pds.getName(): class
pds.getName(): field1
pds.getName(): field2
pds.getName(): field3
pds.getName(): state
pds.getName(): systemConfig
pds.getName(): class
pds.getName(): field1
pds.getName(): field2
pds.getName(): field3
pds.getName(): state
pds.getName(): systemConfig
pds.getName(): class
pds.getName(): field1
pds.getName(): field2
pds.getName(): field3
pds.getName(): state
pds.getName(): systemConfig
pds.getName(): class
pds.getName(): field1
pds.getName(): field2
pds.getName(): field3
pds.getName(): state
pds.getName(): systemConfig
pds.getName(): class
pds.getName(): field1
pds.getName(): field2
pds.getName(): field3
pds.getName(): state
pds.getName(): systemConfig
pds.getName(): class
pds.getName(): field1
pds.getName(): field2
pds.getName(): field3
pds.getName(): state
pds.getName(): systemConfig
pds.getName(): class
pds.getName(): field1
pds.getName(): field2
pds.getName(): field3
pds.getName(): state
pds.getName(): systemConfig
pds.getName(): class
pds.getName(): field1
pds.getName(): field2
pds.getName(): field3
pds.getName(): state
pds.getName(): systemConfig
pds.getName(): class
pds.getName(): field1
pds.getName(): field2
pds.getName(): field3
pds.getName(): state
pds.getName(): systemConfig
pds.getName(): class
pds.getName(): field1
pds.getName(): field2
pds.getName(): field3
pds.getName(): state
pds.getName(): systemConfig
pds.getName(): class
pds.getName(): field1
supercalss is: class java.lang.Object
pds.getName(): field2
supercalss is: class java.lang.Object
pds.getName(): field3
supercalss is: class java.lang.Object
pds.getName(): state
supercalss is: null
pds.getName(): systemConfig
supercalss is: class com.emoney.finance.emx.Config
pds.getName(): class
pds.getName(): field1
pds.getName(): field2
pds.getName(): field3
pds.getName(): state
pds.getName(): class
pds.getName(): field1
pds.getName(): field2
pds.getName(): field3
pds.getName(): state
pds.getName(): class
pds.getName(): field1
pds.getName(): field2
pds.getName(): field3
pds.getName(): state
pds.getName(): class
pds.getName(): field1
pds.getName(): field2
pds.getName(): field3
pds.getName(): state
pds.getName(): class
pds.getName(): field1
pds.getName(): field2
pds.getName(): field3
pds.getName(): state
pds.getName(): class
pds.getName(): field1
pds.getName(): field2
pds.getName(): field3
pds.getName(): state
pds.getName(): class
pds.getName(): field1
pds.getName(): field2
pds.getName(): field3
pds.getName(): state
pds.getName(): class
pds.getName(): field1
pds.getName(): field2
pds.getName(): field3
pds.getName(): state
pds.getName(): class
pds.getName(): field1
pds.getName(): field2
pds.getName(): field3
pds.getName(): state
pds.getName(): class
pds.getName(): field1
pds.getName(): field2
pds.getName(): field3
pds.getName(): state
pds.getName(): class
pds.getName(): field1
pds.getName(): field2
pds.getName(): field3
pds.getName(): state
pds.getName(): class
pds.getName(): field1
pds.getName(): field2
pds.getName(): field3
pds.getName(): state
pds.getName(): class
pds.getName(): field1
pds.getName(): field2
pds.getName(): field3
pds.getName(): state
pds.getName(): class
pds.getName(): field1
pds.getName(): field2
pds.getName(): field3
pds.getName(): state
pds.getName(): class
pds.getName(): field1
pds.getName(): field2
pds.getName(): field3
pds.getName(): state
pds.getName(): class
pds.getName(): field1
pds.getName(): field2
pds.getName(): field3
pds.getName(): state
pds.getName(): class
pds.getName(): field1
pds.getName(): field2
pds.getName(): field3
pds.getName(): state
pds.getName(): class
pds.getName(): field1
pds.getName(): field2
pds.getName(): field3
pds.getName(): state
pds.getName(): class
pds.getName(): field1
pds.getName(): field2
pds.getName(): field3
pds.getName(): state
pds.getName(): class
pds.getName(): field1
pds.getName(): field2
pds.getName(): field3
pds.getName(): state
pds.getName(): class
pds.getName(): field1
pds.getName(): field2
pds.getName(): field3
pds.getName(): state
pds.getName(): class
pds.getName(): field1
pds.getName(): field2
pds.getName(): field3
pds.getName(): state
pds.getName(): class
pds.getName(): field1
pds.getName(): field2
pds.getName(): field3
pds.getName(): state
pds.getName(): class
pds.getName(): field1
pds.getName(): field2
pds.getName(): field3
pds.getName(): state
pds.getName(): class
pds.getName(): field1
pds.getName(): field2
pds.getName(): field3
pds.getName(): state
pds.getName(): class
pds.getName(): field1
pds.getName(): field2
pds.getName(): field3
pds.getName(): state
pds.getName(): class
pds.getName(): field1
pds.getName(): field2
pds.getName(): field3
pds.getName(): state
pds.getName(): class
pds.getName(): field1
pds.getName(): field2
pds.getName(): field3
pds.getName(): state
pds.getName(): class
pds.getName(): field1
pds.getName(): field2
pds.getName(): field3
pds.getName(): state
pds.getName(): class
pds.getName(): field1
pds.getName(): field2
pds.getName(): field3
pds.getName(): state
pds.getName(): class
pds.getName(): field1
pds.getName(): field2
pds.getName(): field3
pds.getName(): state
pds.getName(): class
pds.getName(): field1
pds.getName(): field2
pds.getName(): field3
pds.getName(): state
pds.getName(): class
pds.getName(): field1
pds.getName(): field2
pds.getName(): field3
pds.getName(): state
pds.getName(): class
pds.getName(): field1
pds.getName(): field2
pds.getName(): field3
pds.getName(): state
pds.getName(): class
pds.getName(): field1
pds.getName(): field2
pds.getName(): field3
pds.getName(): state
pds.getName(): class
pds.getName(): field1
pds.getName(): field2
pds.getName(): field3
pds.getName(): state
pds.getName(): class
pds.getName(): field1
pds.getName(): field2
pds.getName(): field3
pds.getName(): state
pds.getName(): class
pds.getName(): field1
pds.getName(): field2
pds.getName(): field3
pds.getName(): state
pds.getName(): class
pds.getName(): field1
pds.getName(): field2
pds.getName(): field3
pds.getName(): state
pds.getName(): class
pds.getName(): field1
supercalss is: class java.lang.Object
pds.getName(): field2
supercalss is: class java.lang.Object
pds.getName(): field3
supercalss is: class java.lang.Object
pds.getName(): state
supercalss is: null
pds.getName(): simConfig7
supercalss is: class com.emoney.finance.emx.Config
pds.getName(): class
pds.getName(): field1
pds.getName(): field2
pds.getName(): field3
pds.getName(): state
pds.getName(): systemConfig
pds.getName(): class
pds.getName(): field1
pds.getName(): field2
pds.getName(): field3
pds.getName(): state
pds.getName(): systemConfig
pds.getName(): class
pds.getName(): field1
pds.getName(): field2
pds.getName(): field3
pds.getName(): state
pds.getName(): systemConfig
pds.getName(): class
pds.getName(): field1
pds.getName(): field2
pds.getName(): field3
pds.getName(): state
pds.getName(): systemConfig
pds.getName(): class
pds.getName(): field1
pds.getName(): field2
pds.getName(): field3
pds.getName(): state
pds.getName(): systemConfig
pds.getName(): class
pds.getName(): field1
pds.getName(): field2
pds.getName(): field3
pds.getName(): state
pds.getName(): systemConfig
pds.getName(): class
pds.getName(): field1
pds.getName(): field2
pds.getName(): field3
pds.getName(): state
pds.getName(): systemConfig
pds.getName(): class
pds.getName(): field1
pds.getName(): field2
pds.getName(): field3
pds.getName(): state
pds.getName(): systemConfig
pds.getName(): class
pds.getName(): field1
pds.getName(): field2
pds.getName(): field3
pds.getName(): state
pds.getName(): systemConfig
pds.getName(): class
pds.getName(): field1
pds.getName(): field2
pds.getName(): field3
pds.getName(): state
pds.getName(): systemConfig
pds.getName(): class
pds.getName(): field1
pds.getName(): field2
pds.getName(): field3
pds.getName(): state
pds.getName(): systemConfig
pds.getName(): class
pds.getName(): field1
pds.getName(): field2
pds.getName(): field3
pds.getName(): state
pds.getName(): systemConfig
pds.getName(): class
pds.getName(): field1
pds.getName(): field2
pds.getName(): field3
pds.getName(): state
pds.getName(): systemConfig
pds.getName(): class
pds.getName(): field1
pds.getName(): field2
pds.getName(): field3
pds.getName(): state
pds.getName(): systemConfig
pds.getName(): class
pds.getName(): field1
pds.getName(): field2
pds.getName(): field3
pds.getName(): state
pds.getName(): systemConfig
pds.getName(): class
pds.getName(): field1
pds.getName(): field2
pds.getName(): field3
pds.getName(): state
pds.getName(): systemConfig
pds.getName(): class
pds.getName(): field1
pds.getName(): field2
pds.getName(): field3
pds.getName(): state
pds.getName(): systemConfig
pds.getName(): class
pds.getName(): field1
pds.getName(): field2
pds.getName(): field3
pds.getName(): state
pds.getName(): systemConfig
pds.getName(): class
pds.getName(): field1
pds.getName(): field2
pds.getName(): field3
pds.getName(): state
pds.getName(): systemConfig
pds.getName(): class
pds.getName(): field1
pds.getName(): field2
pds.getName(): field3
pds.getName(): state
pds.getName(): systemConfig
pds.getName(): class
pds.getName(): field1
pds.getName(): field2
pds.getName(): field3
pds.getName(): state
pds.getName(): systemConfig
pds.getName(): class
pds.getName(): field1
pds.getName(): field2
pds.getName(): field3
pds.getName(): state
pds.getName(): systemConfig
pds.getName(): class
pds.getName(): field1
pds.getName(): field2
pds.getName(): field3
pds.getName(): state
pds.getName(): systemConfig
pds.getName(): class
pds.getName(): field1
pds.getName(): field2
pds.getName(): field3
pds.getName(): state
pds.getName(): systemConfig
pds.getName(): class
pds.getName(): field1
pds.getName(): field2
pds.getName(): field3
pds.getName(): state
pds.getName(): systemConfig
pds.getName(): class
pds.getName(): field1
pds.getName(): field2
pds.getName(): field3
pds.getName(): state
pds.getName(): systemConfig
pds.getName(): class
pds.getName(): field1
pds.getName(): field2
pds.getName(): field3
pds.getName(): state
pds.getName(): systemConfig
pds.getName(): class
pds.getName(): field1
pds.getName(): field2
pds.getName(): field3
pds.getName(): state
pds.getName(): systemConfig
pds.getName(): class
pds.getName(): field1
pds.getName(): field2
pds.getName(): field3
pds.getName(): state
pds.getName(): systemConfig
pds.getName(): class
pds.getName(): field1
pds.getName(): field2
pds.getName(): field3
pds.getName(): state
pds.getName(): systemConfig
pds.getName(): class
pds.getName(): field1
pds.getName(): field2
pds.getName(): field3
pds.getName(): state
pds.getName(): systemConfig
pds.getName(): class
pds.getName(): field1
pds.getName(): field2
pds.getName(): field3
pds.getName(): state
pds.getName(): systemConfig
pds.getName(): class
pds.getName(): field1
pds.getName(): field2
pds.getName(): field3
pds.getName(): state
pds.getName(): systemConfig
pds.getName(): class
pds.getName(): field1
pds.getName(): field2
pds.getName(): field3
pds.getName(): state
pds.getName(): systemConfig
pds.getName(): class
pds.getName(): field1
pds.getName(): field2
pds.getName(): field3
pds.getName(): state
pds.getName(): systemConfig
pds.getName(): class
pds.getName(): field1
pds.getName(): field2
pds.getName(): field3
pds.getName(): state
pds.getName(): systemConfig
pds.getName(): class
pds.getName(): field1
pds.getName(): field2
pds.getName(): field3
pds.getName(): state
pds.getName(): systemConfig
pds.getName(): class
pds.getName(): field1
pds.getName(): field2
pds.getName(): field3
pds.getName(): state
pds.getName(): systemConfig
pds.getName(): class
pds.getName(): field1
pds.getName(): field2
pds.getName(): field3
pds.getName(): state
pds.getName(): systemConfig
pds.getName(): class
pds.getName(): field1
supercalss is: class java.lang.Object
pds.getName(): field2
supercalss is: class java.lang.Object
pds.getName(): field3
supercalss is: class java.lang.Object
pds.getName(): state
supercalss is: null
pds.getName(): systemConfig
supercalss is: class com.emoney.finance.emx.Config
pds.getName(): class
pds.getName(): field1
pds.getName(): field2
pds.getName(): field3
pds.getName(): state
pds.getName(): class
pds.getName(): field1
pds.getName(): field2
pds.getName(): field3
pds.getName(): state
pds.getName(): class
pds.getName(): field1
pds.getName(): field2
pds.getName(): field3
pds.getName(): state
pds.getName(): class
pds.getName(): field1
pds.getName(): field2
pds.getName(): field3
pds.getName(): state
pds.getName(): class
pds.getName(): field1
pds.getName(): field2
pds.getName(): field3
pds.getName(): state
pds.getName(): class
pds.getName(): field1
pds.getName(): field2
pds.getName(): field3
pds.getName(): state
pds.getName(): class
pds.getName(): field1
pds.getName(): field2
pds.getName(): field3
pds.getName(): state
pds.getName(): class
pds.getName(): field1
pds.getName(): field2
pds.getName(): field3
pds.getName(): state
pds.getName(): class
pds.getName(): field1
pds.getName(): field2
pds.getName(): field3
pds.getName(): state
pds.getName(): class
pds.getName(): field1
pds.getName(): field2
pds.getName(): field3
pds.getName(): state
pds.getName(): class
pds.getName(): field1
pds.getName(): field2
pds.getName(): field3
pds.getName(): state
pds.getName(): class
pds.getName(): field1
pds.getName(): field2
pds.getName(): field3
pds.getName(): state
pds.getName(): class
pds.getName(): field1
pds.getName(): field2
pds.getName(): field3
pds.getName(): state
pds.getName(): class
pds.getName(): field1
pds.getName(): field2
pds.getName(): field3
pds.getName(): state
pds.getName(): class
pds.getName(): field1
pds.getName(): field2
pds.getName(): field3
pds.getName(): state
pds.getName(): class
pds.getName(): field1
pds.getName(): field2
pds.getName(): field3
pds.getName(): state
pds.getName(): class
pds.getName(): field1
pds.getName(): field2
pds.getName(): field3
pds.getName(): state
pds.getName(): class
pds.getName(): field1
pds.getName(): field2
pds.getName(): field3
pds.getName(): state
pds.getName(): class
pds.getName(): field1
pds.getName(): field2
pds.getName(): field3
pds.getName(): state
pds.getName(): class
pds.getName(): field1
pds.getName(): field2
pds.getName(): field3
pds.getName(): state
pds.getName(): class
pds.getName(): field1
pds.getName(): field2
pds.getName(): field3
pds.getName(): state
pds.getName(): class
pds.getName(): field1
pds.getName(): field2
pds.getName(): field3
pds.getName(): state
pds.getName(): class
pds.getName(): field1
pds.getName(): field2
pds.getName(): field3
pds.getName(): state
pds.getName(): class
pds.getName(): field1
pds.getName(): field2
pds.getName(): field3
pds.getName(): state
pds.getName(): class
pds.getName(): field1
pds.getName(): field2
pds.getName(): field3
pds.getName(): state
pds.getName(): class
pds.getName(): field1
pds.getName(): field2
pds.getName(): field3
pds.getName(): state
pds.getName(): class
pds.getName(): field1
pds.getName(): field2
pds.getName(): field3
pds.getName(): state
pds.getName(): class
pds.getName(): field1
pds.getName(): field2
pds.getName(): field3
pds.getName(): state
pds.getName(): class
pds.getName(): field1
pds.getName(): field2
pds.getName(): field3
pds.getName(): state
pds.getName(): class
pds.getName(): field1
pds.getName(): field2
pds.getName(): field3
pds.getName(): state
pds.getName(): class
pds.getName(): field1
pds.getName(): field2
pds.getName(): field3
pds.getName(): state
pds.getName(): class
pds.getName(): field1
pds.getName(): field2
pds.getName(): field3
pds.getName(): state
pds.getName(): class
pds.getName(): field1
pds.getName(): field2
pds.getName(): field3
pds.getName(): state
pds.getName(): class
pds.getName(): field1
pds.getName(): field2
pds.getName(): field3
pds.getName(): state
pds.getName(): class
pds.getName(): field1
pds.getName(): field2
pds.getName(): field3
pds.getName(): state
pds.getName(): class
pds.getName(): field1
pds.getName(): field2
pds.getName(): field3
pds.getName(): state
pds.getName(): class
pds.getName(): field1
pds.getName(): field2
pds.getName(): field3
pds.getName(): state
pds.getName(): class
pds.getName(): field1
pds.getName(): field2
pds.getName(): field3
pds.getName(): state
pds.getName(): class
pds.getName(): field1
pds.getName(): field2
pds.getName(): field3
pds.getName(): state
pds.getName(): class
pds.getName(): field1
supercalss is: class java.lang.Object
pds.getName(): field2
supercalss is: class java.lang.Object
pds.getName(): field3
supercalss is: class java.lang.Object
pds.getName(): state
supercalss is: null
pds.getName(): simConfig8
supercalss is: class com.emoney.finance.emx.Config
pds.getName(): class
pds.getName(): field1
pds.getName(): field2
pds.getName(): field3
pds.getName(): state
pds.getName(): systemConfig
pds.getName(): class
pds.getName(): field1
pds.getName(): field2
pds.getName(): field3
pds.getName(): state
pds.getName(): systemConfig
pds.getName(): class
pds.getName(): field1
pds.getName(): field2
pds.getName(): field3
pds.getName(): state
pds.getName(): systemConfig
pds.getName(): class
pds.getName(): field1
pds.getName(): field2
pds.getName(): field3
pds.getName(): state
pds.getName(): systemConfig
pds.getName(): class
pds.getName(): field1
pds.getName(): field2
pds.getName(): field3
pds.getName(): state
pds.getName(): systemConfig
pds.getName(): class
pds.getName(): field1
pds.getName(): field2
pds.getName(): field3
pds.getName(): state
pds.getName(): systemConfig
pds.getName(): class
pds.getName(): field1
pds.getName(): field2
pds.getName(): field3
pds.getName(): state
pds.getName(): systemConfig
pds.getName(): class
pds.getName(): field1
pds.getName(): field2
pds.getName(): field3
pds.getName(): state
pds.getName(): systemConfig
pds.getName(): class
pds.getName(): field1
pds.getName(): field2
pds.getName(): field3
pds.getName(): state
pds.getName(): systemConfig
pds.getName(): class
pds.getName(): field1
pds.getName(): field2
pds.getName(): field3
pds.getName(): state
pds.getName(): systemConfig
pds.getName(): class
pds.getName(): field1
pds.getName(): field2
pds.getName(): field3
pds.getName(): state
pds.getName(): systemConfig
pds.getName(): class
pds.getName(): field1
pds.getName(): field2
pds.getName(): field3
pds.getName(): state
pds.getName(): systemConfig
pds.getName(): class
pds.getName(): field1
pds.getName(): field2
pds.getName(): field3
pds.getName(): state
pds.getName(): systemConfig
pds.getName(): class
pds.getName(): field1
pds.getName(): field2
pds.getName(): field3
pds.getName(): state
pds.getName(): systemConfig
pds.getName(): class
pds.getName(): field1
pds.getName(): field2
pds.getName(): field3
pds.getName(): state
pds.getName(): systemConfig
pds.getName(): class
pds.getName(): field1
pds.getName(): field2
pds.getName(): field3
pds.getName(): state
pds.getName(): systemConfig
pds.getName(): class
pds.getName(): field1
pds.getName(): field2
pds.getName(): field3
pds.getName(): state
pds.getName(): systemConfig
pds.getName(): class
pds.getName(): field1
pds.getName(): field2
pds.getName(): field3
pds.getName(): state
pds.getName(): systemConfig
pds.getName(): class
pds.getName(): field1
pds.getName(): field2
pds.getName(): field3
pds.getName(): state
pds.getName(): systemConfig
pds.getName(): class
pds.getName(): field1
pds.getName(): field2
pds.getName(): field3
pds.getName(): state
pds.getName(): systemConfig
pds.getName(): class
pds.getName(): field1
pds.getName(): field2
pds.getName(): field3
pds.getName(): state
pds.getName(): systemConfig
pds.getName(): class
pds.getName(): field1
pds.getName(): field2
pds.getName(): field3
pds.getName(): state
pds.getName(): systemConfig
pds.getName(): class
pds.getName(): field1
pds.getName(): field2
pds.getName(): field3
pds.getName(): state
pds.getName(): systemConfig
pds.getName(): class
pds.getName(): field1
pds.getName(): field2
pds.getName(): field3
pds.getName(): state
pds.getName(): systemConfig
pds.getName(): class
pds.getName(): field1
pds.getName(): field2
pds.getName(): field3
pds.getName(): state
pds.getName(): systemConfig
pds.getName(): class
pds.getName(): field1
pds.getName(): field2
pds.getName(): field3
pds.getName(): state
pds.getName(): systemConfig
pds.getName(): class
pds.getName(): field1
pds.getName(): field2
pds.getName(): field3
pds.getName(): state
pds.getName(): systemConfig
pds.getName(): class
pds.getName(): field1
pds.getName(): field2
pds.getName(): field3
pds.getName(): state
pds.getName(): systemConfig
pds.getName(): class
pds.getName(): field1
pds.getName(): field2
pds.getName(): field3
pds.getName(): state
pds.getName(): systemConfig
pds.getName(): class
pds.getName(): field1
pds.getName(): field2
pds.getName(): field3
pds.getName(): state
pds.getName(): systemConfig
pds.getName(): class
pds.getName(): field1
pds.getName(): field2
pds.getName(): field3
pds.getName(): state
pds.getName(): systemConfig
pds.getName(): class
pds.getName(): field1
pds.getName(): field2
pds.getName(): field3
pds.getName(): state
pds.getName(): systemConfig
pds.getName(): class
pds.getName(): field1
pds.getName(): field2
pds.getName(): field3
pds.getName(): state
pds.getName(): systemConfig
pds.getName(): class
pds.getName(): field1
pds.getName(): field2
pds.getName(): field3
pds.getName(): state
pds.getName(): systemConfig
pds.getName(): class
pds.getName(): field1
pds.getName(): field2
pds.getName(): field3
pds.getName(): state
pds.getName(): systemConfig
pds.getName(): class
pds.getName(): field1
pds.getName(): field2
pds.getName(): field3
pds.getName(): state
pds.getName(): systemConfig
pds.getName(): class
pds.getName(): field1
pds.getName(): field2
pds.getName(): field3
pds.getName(): state
pds.getName(): systemConfig
pds.getName(): class
pds.getName(): field1
pds.getName(): field2
pds.getName(): field3
pds.getName(): state
pds.getName(): systemConfig
pds.getName(): class
pds.getName(): field1
pds.getName(): field2
pds.getName(): field3
pds.getName(): state
pds.getName(): systemConfig
pds.getName(): class
pds.getName(): field1
supercalss is: class java.lang.Object
pds.getName(): field2
supercalss is: class java.lang.Object
pds.getName(): field3
supercalss is: class java.lang.Object
pds.getName(): state
supercalss is: null
pds.getName(): systemConfig
supercalss is: class com.emoney.finance.emx.Config
pds.getName(): class
pds.getName(): field1
pds.getName(): field2
pds.getName(): field3
pds.getName(): state
pds.getName(): class
pds.getName(): field1
pds.getName(): field2
pds.getName(): field3
pds.getName(): state
pds.getName(): class
pds.getName(): field1
pds.getName(): field2
pds.getName(): field3
pds.getName(): state
pds.getName(): class
pds.getName(): field1
pds.getName(): field2
pds.getName(): field3
pds.getName(): state
pds.getName(): class
pds.getName(): field1
pds.getName(): field2
pds.getName(): field3
pds.getName(): state
pds.getName(): class
pds.getName(): field1
pds.getName(): field2
pds.getName(): field3
pds.getName(): state
pds.getName(): class
pds.getName(): field1
pds.getName(): field2
pds.getName(): field3
pds.getName(): state
pds.getName(): class
pds.getName(): field1
pds.getName(): field2
pds.getName(): field3
pds.getName(): state
pds.getName(): class
pds.getName(): field1
pds.getName(): field2
pds.getName(): field3
pds.getName(): state
pds.getName(): class
pds.getName(): field1
pds.getName(): field2
pds.getName(): field3
pds.getName(): state
pds.getName(): class
pds.getName(): field1
pds.getName(): field2
pds.getName(): field3
pds.getName(): state
pds.getName(): class
pds.getName(): field1
pds.getName(): field2
pds.getName(): field3
pds.getName(): state
pds.getName(): class
pds.getName(): field1
pds.getName(): field2
pds.getName(): field3
pds.getName(): state
pds.getName(): class
pds.getName(): field1
pds.getName(): field2
pds.getName(): field3
pds.getName(): state
pds.getName(): class
pds.getName(): field1
pds.getName(): field2
pds.getName(): field3
pds.getName(): state
pds.getName(): class
pds.getName(): field1
pds.getName(): field2
pds.getName(): field3
pds.getName(): state
pds.getName(): class
pds.getName(): field1
pds.getName(): field2
pds.getName(): field3
pds.getName(): state
pds.getName(): class
pds.getName(): field1
pds.getName(): field2
pds.getName(): field3
pds.getName(): state
pds.getName(): class
pds.getName(): field1
pds.getName(): field2
pds.getName(): field3
pds.getName(): state
pds.getName(): class
pds.getName(): field1
pds.getName(): field2
pds.getName(): field3
pds.getName(): state
pds.getName(): class
pds.getName(): field1
pds.getName(): field2
pds.getName(): field3
pds.getName(): state
pds.getName(): class
pds.getName(): field1
pds.getName(): field2
pds.getName(): field3
pds.getName(): state
pds.getName(): class
pds.getName(): field1
pds.getName(): field2
pds.getName(): field3
pds.getName(): state
pds.getName(): class
pds.getName(): field1
pds.getName(): field2
pds.getName(): field3
pds.getName(): state
pds.getName(): class
pds.getName(): field1
pds.getName(): field2
pds.getName(): field3
pds.getName(): state
pds.getName(): class
pds.getName(): field1
pds.getName(): field2
pds.getName(): field3
pds.getName(): state
pds.getName(): class
pds.getName(): field1
pds.getName(): field2
pds.getName(): field3
pds.getName(): state
pds.getName(): class
pds.getName(): field1
pds.getName(): field2
pds.getName(): field3
pds.getName(): state
pds.getName(): class
pds.getName(): field1
pds.getName(): field2
pds.getName(): field3
pds.getName(): state
pds.getName(): class
pds.getName(): field1
pds.getName(): field2
pds.getName(): field3
pds.getName(): state
pds.getName(): class
pds.getName(): field1
pds.getName(): field2
pds.getName(): field3
pds.getName(): state
pds.getName(): class
pds.getName(): field1
pds.getName(): field2
pds.getName(): field3
pds.getName(): state
pds.getName(): class
pds.getName(): field1
pds.getName(): field2
pds.getName(): field3
pds.getName(): state
pds.getName(): class
pds.getName(): field1
pds.getName(): field2
pds.getName(): field3
pds.getName(): state
pds.getName(): class
pds.getName(): field1
pds.getName(): field2
pds.getName(): field3
pds.getName(): state
pds.getName(): class
pds.getName(): field1
pds.getName(): field2
pds.getName(): field3
pds.getName(): state
pds.getName(): class
pds.getName(): field1
pds.getName(): field2
pds.getName(): field3
pds.getName(): state
pds.getName(): class
pds.getName(): field1
pds.getName(): field2
pds.getName(): field3
pds.getName(): state
pds.getName(): class
pds.getName(): field1
pds.getName(): field2
pds.getName(): field3
pds.getName(): state
pds.getName(): class
pds.getName(): field1
supercalss is: class java.lang.Object
pds.getName(): field2
supercalss is: class java.lang.Object
pds.getName(): field3
supercalss is: class java.lang.Object
pds.getName(): state
supercalss is: null
pds.getName(): simConfig9
supercalss is: class com.emoney.finance.emx.Config
pds.getName(): class
pds.getName(): field1
pds.getName(): field2
pds.getName(): field3
pds.getName(): state
pds.getName(): systemConfig
pds.getName(): class
pds.getName(): field1
pds.getName(): field2
pds.getName(): field3
pds.getName(): state
pds.getName(): systemConfig
pds.getName(): class
pds.getName(): field1
pds.getName(): field2
pds.getName(): field3
pds.getName(): state
pds.getName(): systemConfig
pds.getName(): class
pds.getName(): field1
pds.getName(): field2
pds.getName(): field3
pds.getName(): state
pds.getName(): systemConfig
pds.getName(): class
pds.getName(): field1
pds.getName(): field2
pds.getName(): field3
pds.getName(): state
pds.getName(): systemConfig
pds.getName(): class
pds.getName(): field1
pds.getName(): field2
pds.getName(): field3
pds.getName(): state
pds.getName(): systemConfig
pds.getName(): class
pds.getName(): field1
pds.getName(): field2
pds.getName(): field3
pds.getName(): state
pds.getName(): systemConfig
pds.getName(): class
pds.getName(): field1
pds.getName(): field2
pds.getName(): field3
pds.getName(): state
pds.getName(): systemConfig
pds.getName(): class
pds.getName(): field1
pds.getName(): field2
pds.getName(): field3
pds.getName(): state
pds.getName(): systemConfig
pds.getName(): class
pds.getName(): field1
pds.getName(): field2
pds.getName(): field3
pds.getName(): state
pds.getName(): systemConfig
pds.getName(): class
pds.getName(): field1
pds.getName(): field2
pds.getName(): field3
pds.getName(): state
pds.getName(): systemConfig
pds.getName(): class
pds.getName(): field1
pds.getName(): field2
pds.getName(): field3
pds.getName(): state
pds.getName(): systemConfig
pds.getName(): class
pds.getName(): field1
pds.getName(): field2
pds.getName(): field3
pds.getName(): state
pds.getName(): systemConfig
pds.getName(): class
pds.getName(): field1
pds.getName(): field2
pds.getName(): field3
pds.getName(): state
pds.getName(): systemConfig
pds.getName(): class
pds.getName(): field1
pds.getName(): field2
pds.getName(): field3
pds.getName(): state
pds.getName(): systemConfig
pds.getName(): class
pds.getName(): field1
pds.getName(): field2
pds.getName(): field3
pds.getName(): state
pds.getName(): systemConfig
pds.getName(): class
pds.getName(): field1
pds.getName(): field2
pds.getName(): field3
pds.getName(): state
pds.getName(): systemConfig
pds.getName(): class
pds.getName(): field1
pds.getName(): field2
pds.getName(): field3
pds.getName(): state
pds.getName(): systemConfig
pds.getName(): class
pds.getName(): field1
pds.getName(): field2
pds.getName(): field3
pds.getName(): state
pds.getName(): systemConfig
pds.getName(): class
pds.getName(): field1
pds.getName(): field2
pds.getName(): field3
pds.getName(): state
pds.getName(): systemConfig
pds.getName(): class
pds.getName(): field1
pds.getName(): field2
pds.getName(): field3
pds.getName(): state
pds.getName(): systemConfig
pds.getName(): class
pds.getName(): field1
pds.getName(): field2
pds.getName(): field3
pds.getName(): state
pds.getName(): systemConfig
pds.getName(): class
pds.getName(): field1
pds.getName(): field2
pds.getName(): field3
pds.getName(): state
pds.getName(): systemConfig
pds.getName(): class
pds.getName(): field1
pds.getName(): field2
pds.getName(): field3
pds.getName(): state
pds.getName(): systemConfig
pds.getName(): class
pds.getName(): field1
pds.getName(): field2
pds.getName(): field3
pds.getName(): state
pds.getName(): systemConfig
pds.getName(): class
pds.getName(): field1
pds.getName(): field2
pds.getName(): field3
pds.getName(): state
pds.getName(): systemConfig
pds.getName(): class
pds.getName(): field1
pds.getName(): field2
pds.getName(): field3
pds.getName(): state
pds.getName(): systemConfig
pds.getName(): class
pds.getName(): field1
pds.getName(): field2
pds.getName(): field3
pds.getName(): state
pds.getName(): systemConfig
pds.getName(): class
pds.getName(): field1
pds.getName(): field2
pds.getName(): field3
pds.getName(): state
pds.getName(): systemConfig
pds.getName(): class
pds.getName(): field1
pds.getName(): field2
pds.getName(): field3
pds.getName(): state
pds.getName(): systemConfig
pds.getName(): class
pds.getName(): field1
pds.getName(): field2
pds.getName(): field3
pds.getName(): state
pds.getName(): systemConfig
pds.getName(): class
pds.getName(): field1
pds.getName(): field2
pds.getName(): field3
pds.getName(): state
pds.getName(): systemConfig
pds.getName(): class
pds.getName(): field1
pds.getName(): field2
pds.getName(): field3
pds.getName(): state
pds.getName(): systemConfig
pds.getName(): class
pds.getName(): field1
pds.getName(): field2
pds.getName(): field3
pds.getName(): state
pds.getName(): systemConfig
pds.getName(): class
pds.getName(): field1
pds.getName(): field2
pds.getName(): field3
pds.getName(): state
pds.getName(): systemConfig
pds.getName(): class
pds.getName(): field1
pds.getName(): field2
pds.getName(): field3
pds.getName(): state
pds.getName(): systemConfig
pds.getName(): class
pds.getName(): field1
pds.getName(): field2
pds.getName(): field3
pds.getName(): state
pds.getName(): systemConfig
pds.getName(): class
pds.getName(): field1
pds.getName(): field2
pds.getName(): field3
pds.getName(): state
pds.getName(): systemConfig
pds.getName(): class
pds.getName(): field1
pds.getName(): field2
pds.getName(): field3
pds.getName(): state
pds.getName(): systemConfig
pds.getName(): class
pds.getName(): field1
supercalss is: class java.lang.Object
pds.getName(): field2
supercalss is: class java.lang.Object
pds.getName(): field3
supercalss is: class java.lang.Object
pds.getName(): state
supercalss is: null
pds.getName(): systemConfig
supercalss is: class com.emoney.finance.emx.Config
pds.getName(): class
pds.getName(): field1
pds.getName(): field2
pds.getName(): field3
pds.getName(): state
pds.getName(): class
pds.getName(): field1
pds.getName(): field2
pds.getName(): field3
pds.getName(): state
pds.getName(): class
pds.getName(): field1
pds.getName(): field2
pds.getName(): field3
pds.getName(): state
pds.getName(): class
pds.getName(): field1
pds.getName(): field2
pds.getName(): field3
pds.getName(): state
pds.getName(): class
pds.getName(): field1
pds.getName(): field2
pds.getName(): field3
pds.getName(): state
pds.getName(): class
pds.getName(): field1
pds.getName(): field2
pds.getName(): field3
pds.getName(): state
pds.getName(): class
pds.getName(): field1
pds.getName(): field2
pds.getName(): field3
pds.getName(): state
pds.getName(): class
pds.getName(): field1
pds.getName(): field2
pds.getName(): field3
pds.getName(): state
pds.getName(): class
pds.getName(): field1
pds.getName(): field2
pds.getName(): field3
pds.getName(): state
pds.getName(): class
pds.getName(): field1
pds.getName(): field2
pds.getName(): field3
pds.getName(): state
pds.getName(): class
pds.getName(): field1
pds.getName(): field2
pds.getName(): field3
pds.getName(): state
pds.getName(): class
pds.getName(): field1
pds.getName(): field2
pds.getName(): field3
pds.getName(): state
pds.getName(): class
pds.getName(): field1
pds.getName(): field2
pds.getName(): field3
pds.getName(): state
pds.getName(): class
pds.getName(): field1
pds.getName(): field2
pds.getName(): field3
pds.getName(): state
pds.getName(): class
pds.getName(): field1
pds.getName(): field2
pds.getName(): field3
pds.getName(): state
pds.getName(): class
pds.getName(): field1
pds.getName(): field2
pds.getName(): field3
pds.getName(): state
pds.getName(): class
pds.getName(): field1
pds.getName(): field2
pds.getName(): field3
pds.getName(): state
pds.getName(): class
pds.getName(): field1
pds.getName(): field2
pds.getName(): field3
pds.getName(): state
pds.getName(): class
pds.getName(): field1
pds.getName(): field2
pds.getName(): field3
pds.getName(): state
pds.getName(): class
pds.getName(): field1
pds.getName(): field2
pds.getName(): field3
pds.getName(): state
pds.getName(): class
pds.getName(): field1
pds.getName(): field2
pds.getName(): field3
pds.getName(): state
pds.getName(): class
pds.getName(): field1
pds.getName(): field2
pds.getName(): field3
pds.getName(): state
pds.getName(): class
pds.getName(): field1
pds.getName(): field2
pds.getName(): field3
pds.getName(): state
pds.getName(): class
pds.getName(): field1
pds.getName(): field2
pds.getName(): field3
pds.getName(): state
pds.getName(): class
pds.getName(): field1
pds.getName(): field2
pds.getName(): field3
pds.getName(): state
pds.getName(): class
pds.getName(): field1
pds.getName(): field2
pds.getName(): field3
pds.getName(): state
pds.getName(): class
pds.getName(): field1
pds.getName(): field2
pds.getName(): field3
pds.getName(): state
pds.getName(): class
pds.getName(): field1
pds.getName(): field2
pds.getName(): field3
pds.getName(): state
pds.getName(): class
pds.getName(): field1
pds.getName(): field2
pds.getName(): field3
pds.getName(): state
pds.getName(): class
pds.getName(): field1
pds.getName(): field2
pds.getName(): field3
pds.getName(): state
pds.getName(): class
pds.getName(): field1
pds.getName(): field2
pds.getName(): field3
pds.getName(): state
pds.getName(): class
pds.getName(): field1
pds.getName(): field2
pds.getName(): field3
pds.getName(): state
pds.getName(): class
pds.getName(): field1
pds.getName(): field2
pds.getName(): field3
pds.getName(): state
pds.getName(): class
pds.getName(): field1
pds.getName(): field2
pds.getName(): field3
pds.getName(): state
pds.getName(): class
pds.getName(): field1
pds.getName(): field2
pds.getName(): field3
pds.getName(): state
pds.getName(): class
pds.getName(): field1
pds.getName(): field2
pds.getName(): field3
pds.getName(): state
pds.getName(): class
pds.getName(): field1
pds.getName(): field2
pds.getName(): field3
pds.getName(): state
pds.getName(): class
pds.getName(): field1
pds.getName(): field2
pds.getName(): field3
pds.getName(): state
pds.getName(): class
pds.getName(): field1
pds.getName(): field2
pds.getName(): field3
pds.getName(): state
pds.getName(): class
pds.getName(): field1
supercalss is: class java.lang.Object
pds.getName(): field2
supercalss is: class java.lang.Object
pds.getName(): field3
supercalss is: class java.lang.Object
pds.getName(): state
supercalss is: null
pds.getName(): state
supercalss is: null
pds.getName(): systemConfig
supercalss is: class com.emoney.finance.emx.Config
pds.getName(): class
pds.getName(): field1
pds.getName(): field2
pds.getName(): field3
pds.getName(): state
pds.getName(): class
pds.getName(): field1
pds.getName(): field2
pds.getName(): field3
pds.getName(): state
pds.getName(): class
pds.getName(): field1
pds.getName(): field2
pds.getName(): field3
pds.getName(): state
pds.getName(): class
pds.getName(): field1
pds.getName(): field2
pds.getName(): field3
pds.getName(): state
pds.getName(): class
pds.getName(): field1
pds.getName(): field2
pds.getName(): field3
pds.getName(): state
pds.getName(): class
pds.getName(): field1
pds.getName(): field2
pds.getName(): field3
pds.getName(): state
pds.getName(): class
pds.getName(): field1
pds.getName(): field2
pds.getName(): field3
pds.getName(): state
pds.getName(): class
pds.getName(): field1
pds.getName(): field2
pds.getName(): field3
pds.getName(): state
pds.getName(): class
pds.getName(): field1
pds.getName(): field2
pds.getName(): field3
pds.getName(): state
pds.getName(): class
pds.getName(): field1
pds.getName(): field2
pds.getName(): field3
pds.getName(): state
pds.getName(): class
pds.getName(): field1
pds.getName(): field2
pds.getName(): field3
pds.getName(): state
pds.getName(): class
pds.getName(): field1
pds.getName(): field2
pds.getName(): field3
pds.getName(): state
pds.getName(): class
pds.getName(): field1
pds.getName(): field2
pds.getName(): field3
pds.getName(): state
pds.getName(): class
pds.getName(): field1
pds.getName(): field2
pds.getName(): field3
pds.getName(): state
pds.getName(): class
pds.getName(): field1
pds.getName(): field2
pds.getName(): field3
pds.getName(): state
pds.getName(): class
pds.getName(): field1
pds.getName(): field2
pds.getName(): field3
pds.getName(): state
pds.getName(): class
pds.getName(): field1
pds.getName(): field2
pds.getName(): field3
pds.getName(): state
pds.getName(): class
pds.getName(): field1
pds.getName(): field2
pds.getName(): field3
pds.getName(): state
pds.getName(): class
pds.getName(): field1
pds.getName(): field2
pds.getName(): field3
pds.getName(): state
pds.getName(): class
pds.getName(): field1
pds.getName(): field2
pds.getName(): field3
pds.getName(): state
pds.getName(): class
pds.getName(): field1
pds.getName(): field2
pds.getName(): field3
pds.getName(): state
pds.getName(): class
pds.getName(): field1
pds.getName(): field2
pds.getName(): field3
pds.getName(): state
pds.getName(): class
pds.getName(): field1
pds.getName(): field2
pds.getName(): field3
pds.getName(): state
pds.getName(): class
pds.getName(): field1
pds.getName(): field2
pds.getName(): field3
pds.getName(): state
pds.getName(): class
pds.getName(): field1
pds.getName(): field2
pds.getName(): field3
pds.getName(): state
pds.getName(): class
pds.getName(): field1
pds.getName(): field2
pds.getName(): field3
pds.getName(): state
pds.getName(): class
pds.getName(): field1
pds.getName(): field2
pds.getName(): field3
pds.getName(): state
pds.getName(): class
pds.getName(): field1
pds.getName(): field2
pds.getName(): field3
pds.getName(): state
pds.getName(): class
pds.getName(): field1
pds.getName(): field2
pds.getName(): field3
pds.getName(): state
pds.getName(): class
pds.getName(): field1
pds.getName(): field2
pds.getName(): field3
pds.getName(): state
pds.getName(): class
pds.getName(): field1
pds.getName(): field2
pds.getName(): field3
pds.getName(): state
pds.getName(): class
pds.getName(): field1
pds.getName(): field2
pds.getName(): field3
pds.getName(): state
pds.getName(): class
pds.getName(): field1
pds.getName(): field2
pds.getName(): field3
pds.getName(): state
pds.getName(): class
pds.getName(): field1
pds.getName(): field2
pds.getName(): field3
pds.getName(): state
pds.getName(): class
pds.getName(): field1
pds.getName(): field2
pds.getName(): field3
pds.getName(): state
pds.getName(): class
pds.getName(): field1
pds.getName(): field2
pds.getName(): field3
pds.getName(): state
pds.getName(): class
pds.getName(): field1
pds.getName(): field2
pds.getName(): field3
pds.getName(): state
pds.getName(): class
pds.getName(): field1
pds.getName(): field2
pds.getName(): field3
pds.getName(): state
pds.getName(): class
pds.getName(): field1
pds.getName(): field2
pds.getName(): field3
pds.getName(): state
pds.getName(): class
pds.getName(): field1
supercalss is: class java.lang.Object
pds.getName(): field2
supercalss is: class java.lang.Object
pds.getName(): field3
supercalss is: class java.lang.Object
pds.getName(): state
supercalss is: null
]]></system-out>
  </testcase>
</testsuite>